2024-08-26 13:54:46,950: - INFO - : com.demo.apitest.Test_NavData_JPN > Before Navigate To...https://10.8.162.156[JPN]
2024-08-26 13:54:47,374: - INFO - : com.demo.apitest.Test_NavData_JPN > Login to main page...
2024-08-26 13:54:57,582: - INFO - : com.demo.apitest.Func_JPN > Element Not Found! >> Ready to login...
2024-08-26 13:54:58,038: - INFO - : test_Step01_Login_JPN > [Pass]Take screenshot...
2024-08-26 13:54:58,100: - INFO - : com.demo.apitest.Test_NavData_JPN > Switch to 'Non-Config' mode...
2024-08-26 13:54:58,368: - INFO - : com.demo.apitest.Test_NavData_JPN > Data created for [JPN]!
2024-08-26 13:55:01,101: - INFO - : com.demo.apitest.Func_JPN > 'HOME' Menu: ダッシュボード
2024-08-26 13:55:01,117: - INFO - : com.demo.apitest.Func_JPN > 'HOME' Menu: システム
2024-08-26 13:55:01,133: - INFO - : com.demo.apitest.Func_JPN > 'HOME' Menu: アクセス ポイント
2024-08-26 13:55:01,180: - INFO - : com.demo.apitest.Func_JPN > 'HOME' Menu: キャプチャ ATP
2024-08-26 13:55:01,196: - INFO - : com.demo.apitest.Func_JPN > 'HOME' Menu: トポロジ
2024-08-26 13:55:01,211: - INFO - : com.demo.apitest.Func_JPN > 'HOME' Menu: 法的情報
2024-08-26 13:55:01,230: - INFO - : com.demo.apitest.Func_JPN > 'HOME' Menu: API
2024-08-26 13:55:01,230: - INFO - : com.demo.apitest.Func_JPN > ========================================================================
2024-08-26 13:55:01,230: - INFO - : com.demo.apitest.Func_JPN > ALL MENU: 7
2024-08-26 13:55:01,588: - INFO - : com.demo.apitest.Test_NavData_JPN > Data updated for [JPN]!
2024-08-26 13:55:01,588: - INFO - : com.demo.apitest.Test_NavData_JPN > Top menu 'HOME' is done!
2024-08-26 13:55:03,740: - INFO - : com.demo.apitest.Func_JPN > 'MONITOR' Menu: リアルタイム グラフ
2024-08-26 13:55:03,740: - INFO - : com.demo.apitest.Func_JPN > 'MONITOR' Menu: システム監視
2024-08-26 13:55:03,755: - INFO - : com.demo.apitest.Func_JPN > 'MONITOR' Menu: プロトコル監視
2024-08-26 13:55:03,771: - INFO - : com.demo.apitest.Func_JPN > 'MONITOR' Menu: ユーザ監視
2024-08-26 13:55:03,787: - INFO - : com.demo.apitest.Func_JPN > 'MONITOR' Menu: 帯域幅管理監視
2024-08-26 13:55:03,818: - INFO - : com.demo.apitest.Func_JPN > 'MONITOR' Menu: AppFlow
2024-08-26 13:55:03,818: - INFO - : com.demo.apitest.Func_JPN > 'MONITOR' Menu: AppFlow 報告
2024-08-26 13:55:03,836: - INFO - : com.demo.apitest.Func_JPN > 'MONITOR' Menu: AppFlow 監視
2024-08-26 13:55:03,850: - INFO - : com.demo.apitest.Func_JPN > 'MONITOR' Menu: CTA レポート
2024-08-26 13:55:03,865: - INFO - : com.demo.apitest.Func_JPN > 'MONITOR' Menu: SDWAN
2024-08-26 13:55:03,897: - INFO - : com.demo.apitest.Func_JPN > 'MONITOR' Menu: SDWAN 監視
2024-08-26 13:55:03,912: - INFO - : com.demo.apitest.Func_JPN > 'MONITOR' Menu: SD-WAN 接続
2024-08-26 13:55:03,936: - INFO - : com.demo.apitest.Func_JPN > 'MONITOR' Menu: ログ
2024-08-26 13:55:03,944: - INFO - : com.demo.apitest.Func_JPN > 'MONITOR' Menu: システム ログ
2024-08-26 13:55:03,975: - INFO - : com.demo.apitest.Func_JPN > 'MONITOR' Menu: 監査ログ
2024-08-26 13:55:03,991: - INFO - : com.demo.apitest.Func_JPN > 'MONITOR' Menu: 脅威ログ
2024-08-26 13:55:04,022: - INFO - : com.demo.apitest.Func_JPN > 'MONITOR' Menu: ツールと監視
2024-08-26 13:55:04,038: - INFO - : com.demo.apitest.Func_JPN > 'MONITOR' Menu: パケット監視
2024-08-26 13:55:04,070: - INFO - : com.demo.apitest.Func_JPN > 'MONITOR' Menu: 接続
2024-08-26 13:55:04,101: - INFO - : com.demo.apitest.Func_JPN > 'MONITOR' Menu: コア 0 プロセス
2024-08-26 13:55:04,117: - INFO - : com.demo.apitest.Func_JPN > 'MONITOR' Menu: パケット再生
2024-08-26 13:55:04,117: - INFO - : com.demo.apitest.Func_JPN > ========================================================================
2024-08-26 13:55:04,117: - INFO - : com.demo.apitest.Func_JPN > ALL MENU: 21
2024-08-26 13:55:04,195: - INFO - : com.demo.apitest.Test_NavData_JPN > Data updated for [JPN]!
2024-08-26 13:55:04,195: - INFO - : com.demo.apitest.Test_NavData_JPN > Top menu 'MONITOR' is done!
2024-08-26 13:55:06,533: - INFO - : com.demo.apitest.Func_JPN > 'DEVICE' Menu: 設定
2024-08-26 13:55:06,541: - INFO - : com.demo.apitest.Func_JPN > 'DEVICE' Menu: ライセンス
2024-08-26 13:55:06,552: - INFO - : com.demo.apitest.Func_JPN > 'DEVICE' Menu: 管理
2024-08-26 13:55:06,568: - INFO - : com.demo.apitest.Func_JPN > 'DEVICE' Menu: 時間
2024-08-26 13:55:06,584: - INFO - : com.demo.apitest.Func_JPN > 'DEVICE' Menu: 証明書
2024-08-26 13:55:06,599: - INFO - : com.demo.apitest.Func_JPN > 'DEVICE' Menu: SNMP
2024-08-26 13:55:06,615: - INFO - : com.demo.apitest.Func_JPN > 'DEVICE' Menu: ファームウェアと設定
2024-08-26 13:55:06,642: - INFO - : com.demo.apitest.Func_JPN > 'DEVICE' Menu: 記憶装置
2024-08-26 13:55:06,662: - INFO - : com.demo.apitest.Func_JPN > 'DEVICE' Menu: 再起動
2024-08-26 13:55:06,694: - INFO - : com.demo.apitest.Func_JPN > 'DEVICE' Menu: 高可用性
2024-08-26 13:55:06,709: - INFO - : com.demo.apitest.Func_JPN > 'DEVICE' Menu: 状況
2024-08-26 13:55:06,725: - INFO - : com.demo.apitest.Func_JPN > 'DEVICE' Menu: 設定
2024-08-26 13:55:06,742: - INFO - : com.demo.apitest.Func_JPN > 'DEVICE' Menu: 詳細
2024-08-26 13:55:06,757: - INFO - : com.demo.apitest.Func_JPN > 'DEVICE' Menu: 監視
2024-08-26 13:55:06,788: - INFO - : com.demo.apitest.Func_JPN > 'DEVICE' Menu: ユーザ
2024-08-26 13:55:06,804: - INFO - : com.demo.apitest.Func_JPN > 'DEVICE' Menu: 状況
2024-08-26 13:55:06,819: - INFO - : com.demo.apitest.Func_JPN > 'DEVICE' Menu: 設定
2024-08-26 13:55:06,842: - INFO - : com.demo.apitest.Func_JPN > 'DEVICE' Menu: パーティション
2024-08-26 13:55:06,866: - INFO - : com.demo.apitest.Func_JPN > 'DEVICE' Menu: ローカル ユーザとグループ
2024-08-26 13:55:06,882: - INFO - : com.demo.apitest.Func_JPN > 'DEVICE' Menu: ゲスト サービス
2024-08-26 13:55:06,897: - INFO - : com.demo.apitest.Func_JPN > 'DEVICE' Menu: ゲスト アカウント
2024-08-26 13:55:06,929: - INFO - : com.demo.apitest.Func_JPN > 'DEVICE' Menu: ゲスト状況
2024-08-26 13:55:06,945: - INFO - : com.demo.apitest.Func_JPN > 'DEVICE' Menu: AppFlow
2024-08-26 13:55:06,976: - INFO - : com.demo.apitest.Func_JPN > 'DEVICE' Menu: フロー報告
2024-08-26 13:55:06,992: - INFO - : com.demo.apitest.Func_JPN > 'DEVICE' Menu: AppFlow エージェント
2024-08-26 13:55:07,023: - INFO - : com.demo.apitest.Func_JPN > 'DEVICE' Menu: ネットワーク アクセス制御
2024-08-26 13:55:07,043: - INFO - : com.demo.apitest.Func_JPN > 'DEVICE' Menu: 設定
2024-08-26 13:55:07,068: - INFO - : com.demo.apitest.Func_JPN > 'DEVICE' Menu: セッション
2024-08-26 13:55:07,086: - INFO - : com.demo.apitest.Func_JPN > 'DEVICE' Menu: ログ
2024-08-26 13:55:07,102: - INFO - : com.demo.apitest.Func_JPN > 'DEVICE' Menu: 設定
2024-08-26 13:55:07,133: - INFO - : com.demo.apitest.Func_JPN > 'DEVICE' Menu: Syslog
2024-08-26 13:55:07,149: - INFO - : com.demo.apitest.Func_JPN > 'DEVICE' Menu: 自動化
2024-08-26 13:55:07,165: - INFO - : com.demo.apitest.Func_JPN > 'DEVICE' Menu: 名前解決
2024-08-26 13:55:07,180: - INFO - : com.demo.apitest.Func_JPN > 'DEVICE' Menu: レポート
2024-08-26 13:55:07,212: - INFO - : com.demo.apitest.Func_JPN > 'DEVICE' Menu: AWS
2024-08-26 13:55:07,227: - INFO - : com.demo.apitest.Func_JPN > 'DEVICE' Menu: 診断
2024-08-26 13:55:07,243: - INFO - : com.demo.apitest.Func_JPN > 'DEVICE' Menu: テクニカル サポート レポート
2024-08-26 13:55:07,258: - INFO - : com.demo.apitest.Func_JPN > 'DEVICE' Menu: ネットワーク設定の確認
2024-08-26 13:55:07,274: - INFO - : com.demo.apitest.Func_JPN > 'DEVICE' Menu: DNS 名の調査
2024-08-26 13:55:07,305: - INFO - : com.demo.apitest.Func_JPN > 'DEVICE' Menu: ネットワーク パス
2024-08-26 13:55:07,321: - INFO - : com.demo.apitest.Func_JPN > 'DEVICE' Menu: Ping
2024-08-26 13:55:07,353: - INFO - : com.demo.apitest.Func_JPN > 'DEVICE' Menu: ルート追跡
2024-08-26 13:55:07,368: - INFO - : com.demo.apitest.Func_JPN > 'DEVICE' Menu: リアルタイム ブラックリスト
2024-08-26 13:55:07,384: - INFO - : com.demo.apitest.Func_JPN > 'DEVICE' Menu: 逆引き名前調査
2024-08-26 13:55:07,400: - INFO - : com.demo.apitest.Func_JPN > 'DEVICE' Menu: 上位接続
2024-08-26 13:55:07,415: - INFO - : com.demo.apitest.Func_JPN > 'DEVICE' Menu: 地域とボットネット
2024-08-26 13:55:07,431: - INFO - : com.demo.apitest.Func_JPN > 'DEVICE' Menu: MX とバナー
2024-08-26 13:55:07,462: - INFO - : com.demo.apitest.Func_JPN > 'DEVICE' Menu: グリッド確認
2024-08-26 13:55:07,478: - INFO - : com.demo.apitest.Func_JPN > 'DEVICE' Menu: URL 格付け要求
2024-08-26 13:55:07,494: - INFO - : com.demo.apitest.Func_JPN > 'DEVICE' Menu: PMTU 検出
2024-08-26 13:55:07,525: - INFO - : com.demo.apitest.Func_JPN > 'DEVICE' Menu: スイッチ診断
2024-08-26 13:55:07,543: - INFO - : com.demo.apitest.Func_JPN > 'DEVICE' Menu: スイッチ ネットワーク
2024-08-26 13:55:07,572: - INFO - : com.demo.apitest.Func_JPN > 'DEVICE' Menu: 概要
2024-08-26 13:55:07,588: - INFO - : com.demo.apitest.Func_JPN > 'DEVICE' Menu: スイッチ
2024-08-26 13:55:07,604: - INFO - : com.demo.apitest.Func_JPN > 'DEVICE' Menu: アクセス ポイント
2024-08-26 13:55:07,635: - INFO - : com.demo.apitest.Func_JPN > 'DEVICE' Menu: 設定
2024-08-26 13:55:07,651: - INFO - : com.demo.apitest.Func_JPN > 'DEVICE' Menu: ファームウェア管理
2024-08-26 13:55:07,667: - INFO - : com.demo.apitest.Func_JPN > 'DEVICE' Menu: フロア プランの表示
2024-08-26 13:55:07,698: - INFO - : com.demo.apitest.Func_JPN > 'DEVICE' Menu: ステーション状況
2024-08-26 13:55:07,714: - INFO - : com.demo.apitest.Func_JPN > 'DEVICE' Menu: IDS
2024-08-26 13:55:07,729: - INFO - : com.demo.apitest.Func_JPN > 'DEVICE' Menu: 高度な IDP
2024-08-26 13:55:07,761: - INFO - : com.demo.apitest.Func_JPN > 'DEVICE' Menu: パケット キャプチャ
2024-08-26 13:55:07,777: - INFO - : com.demo.apitest.Func_JPN > 'DEVICE' Menu: 仮想アクセス ポイント
2024-08-26 13:55:07,792: - INFO - : com.demo.apitest.Func_JPN > 'DEVICE' Menu: RF 監視
2024-08-26 13:55:07,808: - INFO - : com.demo.apitest.Func_JPN > 'DEVICE' Menu: RF 解析
2024-08-26 13:55:07,839: - INFO - : com.demo.apitest.Func_JPN > 'DEVICE' Menu: RF スペクトラム
2024-08-26 13:55:07,855: - INFO - : com.demo.apitest.Func_JPN > 'DEVICE' Menu: FairNet
2024-08-26 13:55:07,871: - INFO - : com.demo.apitest.Func_JPN > 'DEVICE' Menu: Wi-Fi マルチメディア
2024-08-26 13:55:07,902: - INFO - : com.demo.apitest.Func_JPN > 'DEVICE' Menu: 3G/4G/LTE WWAN
2024-08-26 13:55:07,918: - INFO - : com.demo.apitest.Func_JPN > 'DEVICE' Menu: Bluetooth LE
2024-08-26 13:55:07,949: - INFO - : com.demo.apitest.Func_JPN > 'DEVICE' Menu: 無線管理
2024-08-26 13:55:07,965: - INFO - : com.demo.apitest.Func_JPN > 'DEVICE' Menu: WWAN
2024-08-26 13:55:07,965: - INFO - : com.demo.apitest.Func_JPN > ========================================================================
2024-08-26 13:55:07,965: - INFO - : com.demo.apitest.Func_JPN > ALL MENU: 72
2024-08-26 13:55:08,044: - INFO - : com.demo.apitest.Test_NavData_JPN > Data updated for [JPN]!
2024-08-26 13:55:08,044: - INFO - : com.demo.apitest.Test_NavData_JPN > Top menu 'DEVICE' is done!
2024-08-26 13:55:10,685: - INFO - : com.demo.apitest.Func_JPN > 'NETWORK' Menu: システム
2024-08-26 13:55:10,732: - INFO - : com.demo.apitest.Func_JPN > 'NETWORK' Menu: インターフェース
2024-08-26 13:55:10,752: - INFO - : com.demo.apitest.Func_JPN > 'NETWORK' Menu: フェイルオーバーと負荷分散
2024-08-26 13:55:10,780: - INFO - : com.demo.apitest.Func_JPN > 'NETWORK' Menu: 近隣者検出
2024-08-26 13:55:10,795: - INFO - : com.demo.apitest.Func_JPN > 'NETWORK' Menu: ARP
2024-08-26 13:55:10,826: - INFO - : com.demo.apitest.Func_JPN > 'NETWORK' Menu: MAC IP アンチスプーフ
2024-08-26 13:55:10,852: - INFO - : com.demo.apitest.Func_JPN > 'NETWORK' Menu: ウェブ プロキシ
2024-08-26 13:55:10,874: - INFO - : com.demo.apitest.Func_JPN > 'NETWORK' Menu: PortShield グループ
2024-08-26 13:55:10,889: - INFO - : com.demo.apitest.Func_JPN > 'NETWORK' Menu: VLAN 変換
2024-08-26 13:55:10,905: - INFO - : com.demo.apitest.Func_JPN > 'NETWORK' Menu: IP ヘルパー
2024-08-26 13:55:10,936: - INFO - : com.demo.apitest.Func_JPN > 'NETWORK' Menu: 動的ルーティング
2024-08-26 13:55:10,952: - INFO - : com.demo.apitest.Func_JPN > 'NETWORK' Menu: DHCP サーバ
2024-08-26 13:55:10,984: - INFO - : com.demo.apitest.Func_JPN > 'NETWORK' Menu: マルチキャスト
2024-08-26 13:55:10,999: - INFO - : com.demo.apitest.Func_JPN > 'NETWORK' Menu: ネットワーク監視
2024-08-26 13:55:11,015: - INFO - : com.demo.apitest.Func_JPN > 'NETWORK' Menu: AWS 設定
2024-08-26 13:55:11,031: - INFO - : com.demo.apitest.Func_JPN > 'NETWORK' Menu: ファイアウォール
2024-08-26 13:55:11,046: - INFO - : com.demo.apitest.Func_JPN > 'NETWORK' Menu: 詳細
2024-08-26 13:55:11,062: - INFO - : com.demo.apitest.Func_JPN > 'NETWORK' Menu: フラッド防御
2024-08-26 13:55:11,078: - INFO - : com.demo.apitest.Func_JPN > 'NETWORK' Menu: SSL 制御
2024-08-26 13:55:11,100: - INFO - : com.demo.apitest.Func_JPN > 'NETWORK' Menu: 暗号化制御
2024-08-26 13:55:11,109: - INFO - : com.demo.apitest.Func_JPN > 'NETWORK' Menu: RBL フィルタ
2024-08-26 13:55:11,125: - INFO - : com.demo.apitest.Func_JPN > 'NETWORK' Menu: VoIP
2024-08-26 13:55:11,153: - INFO - : com.demo.apitest.Func_JPN > 'NETWORK' Menu: 設定
2024-08-26 13:55:11,172: - INFO - : com.demo.apitest.Func_JPN > 'NETWORK' Menu: 通話状況
2024-08-26 13:55:11,188: - INFO - : com.demo.apitest.Func_JPN > 'NETWORK' Menu: DNS
2024-08-26 13:55:11,204: - INFO - : com.demo.apitest.Func_JPN > 'NETWORK' Menu: 設定
2024-08-26 13:55:11,235: - INFO - : com.demo.apitest.Func_JPN > 'NETWORK' Menu: 動的 DNS
2024-08-26 13:55:11,253: - INFO - : com.demo.apitest.Func_JPN > 'NETWORK' Menu: DNS プロキシ
2024-08-26 13:55:11,266: - INFO - : com.demo.apitest.Func_JPN > 'NETWORK' Menu: スイッチング
2024-08-26 13:55:11,282: - INFO - : com.demo.apitest.Func_JPN > 'NETWORK' Menu: VLAN トランク
2024-08-26 13:55:11,298: - INFO - : com.demo.apitest.Func_JPN > 'NETWORK' Menu: L2 発見
2024-08-26 13:55:11,313: - INFO - : com.demo.apitest.Func_JPN > 'NETWORK' Menu: リンク統合
2024-08-26 13:55:11,345: - INFO - : com.demo.apitest.Func_JPN > 'NETWORK' Menu: ポート ミラーリング
2024-08-26 13:55:11,361: - INFO - : com.demo.apitest.Func_JPN > 'NETWORK' Menu: SDWAN
2024-08-26 13:55:11,376: - INFO - : com.demo.apitest.Func_JPN > 'NETWORK' Menu: グループ
2024-08-26 13:55:11,392: - INFO - : com.demo.apitest.Func_JPN > 'NETWORK' Menu: SLA プローブ
2024-08-26 13:55:11,408: - INFO - : com.demo.apitest.Func_JPN > 'NETWORK' Menu: SLA クラス オブジェクト
2024-08-26 13:55:11,439: - INFO - : com.demo.apitest.Func_JPN > 'NETWORK' Menu: パス選択プロファイル
2024-08-26 13:55:11,455: - INFO - : com.demo.apitest.Func_JPN > 'NETWORK' Menu: ルール
2024-08-26 13:55:11,486: - INFO - : com.demo.apitest.Func_JPN > 'NETWORK' Menu: IPSec VPN
2024-08-26 13:55:11,502: - INFO - : com.demo.apitest.Func_JPN > 'NETWORK' Menu: ルールと設定
2024-08-26 13:55:11,517: - INFO - : com.demo.apitest.Func_JPN > 'NETWORK' Menu: 詳細
2024-08-26 13:55:11,549: - INFO - : com.demo.apitest.Func_JPN > 'NETWORK' Menu: VPN を越えた DHCP
2024-08-26 13:55:11,565: - INFO - : com.demo.apitest.Func_JPN > 'NETWORK' Menu: L2TP サーバ
2024-08-26 13:55:11,596: - INFO - : com.demo.apitest.Func_JPN > 'NETWORK' Menu: AWS VPN
2024-08-26 13:55:11,612: - INFO - : com.demo.apitest.Func_JPN > 'NETWORK' Menu: SSL VPN
2024-08-26 13:55:11,643: - INFO - : com.demo.apitest.Func_JPN > 'NETWORK' Menu: 状況
2024-08-26 13:55:11,659: - INFO - : com.demo.apitest.Func_JPN > 'NETWORK' Menu: サーバ設定
2024-08-26 13:55:11,690: - INFO - : com.demo.apitest.Func_JPN > 'NETWORK' Menu: クライアント設定
2024-08-26 13:55:11,706: - INFO - : com.demo.apitest.Func_JPN > 'NETWORK' Menu: ポータル設定
2024-08-26 13:55:11,721: - INFO - : com.demo.apitest.Func_JPN > 'NETWORK' Menu: 仮想オフィス
2024-08-26 13:55:11,721: - INFO - : com.demo.apitest.Func_JPN > ========================================================================
2024-08-26 13:55:11,721: - INFO - : com.demo.apitest.Func_JPN > ALL MENU: 51
2024-08-26 13:55:11,816: - INFO - : com.demo.apitest.Test_NavData_JPN > Data updated for [JPN]!
2024-08-26 13:55:11,816: - INFO - : com.demo.apitest.Test_NavData_JPN > Top menu 'NETWORK' is done!
2024-08-26 13:55:14,105: - INFO - : com.demo.apitest.Func_JPN > 'OBJECT' Menu: 一致オブジェクト
2024-08-26 13:55:14,109: - INFO - : com.demo.apitest.Func_JPN > 'OBJECT' Menu: ゾーン
2024-08-26 13:55:14,124: - INFO - : com.demo.apitest.Func_JPN > 'OBJECT' Menu: アドレス
2024-08-26 13:55:14,140: - INFO - : com.demo.apitest.Func_JPN > 'OBJECT' Menu: サービス
2024-08-26 13:55:14,158: - INFO - : com.demo.apitest.Func_JPN > 'OBJECT' Menu: URI リスト
2024-08-26 13:55:14,172: - INFO - : com.demo.apitest.Func_JPN > 'OBJECT' Menu: 評価
2024-08-26 13:55:14,172: - INFO - : com.demo.apitest.Func_JPN > 'OBJECT' Menu: 一致オブジェクト
2024-08-26 13:55:14,203: - INFO - : com.demo.apitest.Func_JPN > 'OBJECT' Menu: スケジュール
2024-08-26 13:55:14,219: - INFO - : com.demo.apitest.Func_JPN > 'OBJECT' Menu: 動的グループ
2024-08-26 13:55:14,219: - INFO - : com.demo.apitest.Func_JPN > 'OBJECT' Menu: 電子メール アドレス
2024-08-26 13:55:14,234: - INFO - : com.demo.apitest.Func_JPN > 'OBJECT' Menu: プロファイル オブジェクト
2024-08-26 13:55:14,250: - INFO - : com.demo.apitest.Func_JPN > 'OBJECT' Menu: エンドポイント セキュリティ
2024-08-26 13:55:14,259: - INFO - : com.demo.apitest.Func_JPN > 'OBJECT' Menu: 帯域幅
2024-08-26 13:55:14,266: - INFO - : com.demo.apitest.Func_JPN > 'OBJECT' Menu: QoS 級割
2024-08-26 13:55:14,282: - INFO - : com.demo.apitest.Func_JPN > 'OBJECT' Menu: コンテンツ フィルタ
2024-08-26 13:55:14,282: - INFO - : com.demo.apitest.Func_JPN > 'OBJECT' Menu: DHCP オプション
2024-08-26 13:55:14,297: - INFO - : com.demo.apitest.Func_JPN > 'OBJECT' Menu: AWS
2024-08-26 13:55:14,329: - INFO - : com.demo.apitest.Func_JPN > 'OBJECT' Menu: DNS フィルタ
2024-08-26 13:55:14,344: - INFO - : com.demo.apitest.Func_JPN > 'OBJECT' Menu: 動作オブジェクト
2024-08-26 13:55:14,360: - INFO - : com.demo.apitest.Func_JPN > 'OBJECT' Menu: アプリケーション ルールの動作
2024-08-26 13:55:14,376: - INFO - : com.demo.apitest.Func_JPN > 'OBJECT' Menu: コンテンツ フィルタの動作
2024-08-26 13:55:14,376: - INFO - : com.demo.apitest.Func_JPN > ========================================================================
2024-08-26 13:55:14,376: - INFO - : com.demo.apitest.Func_JPN > ALL MENU: 21
2024-08-26 13:55:14,459: - INFO - : com.demo.apitest.Test_NavData_JPN > Data updated for [JPN]!
2024-08-26 13:55:14,459: - INFO - : com.demo.apitest.Test_NavData_JPN > Top menu 'OBJECT' is done!
2024-08-26 13:55:18,489: - INFO - : com.demo.apitest.Func_JPN > 'POLICY' Menu: ルールとポリシー
2024-08-26 13:55:18,505: - INFO - : com.demo.apitest.Func_JPN > 'POLICY' Menu: アクセス ルール
2024-08-26 13:55:18,521: - INFO - : com.demo.apitest.Func_JPN > 'POLICY' Menu: NAT ルール
2024-08-26 13:55:18,552: - INFO - : com.demo.apitest.Func_JPN > 'POLICY' Menu: ルーティング ルール
2024-08-26 13:55:18,568: - INFO - : com.demo.apitest.Func_JPN > 'POLICY' Menu: DNS ルール
2024-08-26 13:55:18,584: - INFO - : com.demo.apitest.Func_JPN > 'POLICY' Menu: コンテンツ フィルタ ルール
2024-08-26 13:55:18,615: - INFO - : com.demo.apitest.Func_JPN > 'POLICY' Menu: アプリケーション ルール
2024-08-26 13:55:18,646: - INFO - : com.demo.apitest.Func_JPN > 'POLICY' Menu: エンドポイント ルール
2024-08-26 13:55:18,667: - INFO - : com.demo.apitest.Func_JPN > 'POLICY' Menu: DPI-SSL
2024-08-26 13:55:18,678: - INFO - : com.demo.apitest.Func_JPN > 'POLICY' Menu: クライアント SSL
2024-08-26 13:55:18,694: - INFO - : com.demo.apitest.Func_JPN > 'POLICY' Menu: サーバ SSL
2024-08-26 13:55:18,725: - INFO - : com.demo.apitest.Func_JPN > 'POLICY' Menu: DPI-SSH
2024-08-26 13:55:18,740: - INFO - : com.demo.apitest.Func_JPN > 'POLICY' Menu: 設定
2024-08-26 13:55:18,772: - INFO - : com.demo.apitest.Func_JPN > 'POLICY' Menu: セキュリティ サービス
2024-08-26 13:55:18,788: - INFO - : com.demo.apitest.Func_JPN > 'POLICY' Menu: サマリ
2024-08-26 13:55:18,804: - INFO - : com.demo.apitest.Func_JPN > 'POLICY' Menu: ゲートウェイ アンチウイルス
2024-08-26 13:55:18,819: - INFO - : com.demo.apitest.Func_JPN > 'POLICY' Menu: アンチスパイウェア
2024-08-26 13:55:18,835: - INFO - : com.demo.apitest.Func_JPN > 'POLICY' Menu: 侵入防御
2024-08-26 13:55:18,867: - INFO - : com.demo.apitest.Func_JPN > 'POLICY' Menu: 地域 IP フィルタ
2024-08-26 13:55:18,898: - INFO - : com.demo.apitest.Func_JPN > 'POLICY' Menu: ボットネット フィルタ
2024-08-26 13:55:18,914: - INFO - : com.demo.apitest.Func_JPN > 'POLICY' Menu: アプリケーション制御
2024-08-26 13:55:18,929: - INFO - : com.demo.apitest.Func_JPN > 'POLICY' Menu: コンテンツ フィルタ
2024-08-26 13:55:18,945: - INFO - : com.demo.apitest.Func_JPN > 'POLICY' Menu: アンチスパム
2024-08-26 13:55:18,977: - INFO - : com.demo.apitest.Func_JPN > 'POLICY' Menu: 状況
2024-08-26 13:55:18,992: - INFO - : com.demo.apitest.Func_JPN > 'POLICY' Menu: 設定
2024-08-26 13:55:19,023: - INFO - : com.demo.apitest.Func_JPN > 'POLICY' Menu: キャプチャ ATP
2024-08-26 13:55:19,039: - INFO - : com.demo.apitest.Func_JPN > 'POLICY' Menu: 設定
2024-08-26 13:55:19,071: - INFO - : com.demo.apitest.Func_JPN > 'POLICY' Menu: スキャン履歴
2024-08-26 13:55:19,086: - INFO - : com.demo.apitest.Func_JPN > 'POLICY' Menu: DNS セキュリティ
2024-08-26 13:55:19,102: - INFO - : com.demo.apitest.Func_JPN > 'POLICY' Menu: 設定
2024-08-26 13:55:19,118: - INFO - : com.demo.apitest.Func_JPN > 'POLICY' Menu: レポート
2024-08-26 13:55:19,149: - INFO - : com.demo.apitest.Func_JPN > 'POLICY' Menu: エンドポイント セキュリティ
2024-08-26 13:55:19,149: - INFO - : com.demo.apitest.Func_JPN > ========================================================================
2024-08-26 13:55:19,149: - INFO - : com.demo.apitest.Func_JPN > ALL MENU: 32
2024-08-26 13:55:19,196: - INFO - : com.demo.apitest.Test_NavData_JPN > Data updated for [JPN]!
2024-08-26 13:55:19,196: - INFO - : com.demo.apitest.Test_NavData_JPN > Top menu 'POLICY' is done!
2024-08-26 13:55:24,364: - INFO - : com.demo.apitest.Test_NavData_JPN > Info created for [JPN]!
2024-08-26 13:55:24,379: - INFO - : com.demo.apitest.Test_NavData_JPN > Info updated for [JPN]!
2024-08-26 13:55:24,379: - INFO - : com.demo.apitest.Test_NavData_JPN > ^^^^^^^^^^^^^^^^^^^^^^^^^^^^^^^^^^
2024-08-26 13:55:24,379: - INFO - : com.demo.apitest.Test_NavData_JPN > ^          All Matched!          ^
2024-08-26 13:55:24,379: - INFO - : com.demo.apitest.Test_NavData_JPN > ^^^^^^^^^^^^^^^^^^^^^^^^^^^^^^^^^^
2024-08-26 13:55:24,780: - INFO - : test_Step02_MenuTop_JPN > [Pass]Take screenshot...
2024-08-26 13:55:40,390: - INFO - : com.demo.apitest.Test_NavData_ENG > Before Navigate To...https://10.8.162.177[ENG]
2024-08-26 13:55:40,390: - INFO - : com.demo.apitest.Test_NavData_JPN > Before Navigate To...https://10.8.162.156[JPN]
2024-08-26 13:55:40,539: - INFO - : com.demo.apitest.Test_NavData_ENG > Login to main page...
2024-08-26 13:55:40,539: - INFO - : com.demo.apitest.Test_NavData_JPN > Login to main page...
2024-08-26 13:55:50,550: - INFO - : com.demo.apitest.Func_JPN > Element Not Found! >> Ready to login...
2024-08-26 13:55:50,738: - INFO - : com.demo.apitest.Func_ENG > Element Not Found! >> Ready to login...
2024-08-26 13:55:51,025: - INFO - : test_Step01_Login_JPN > [Pass]Take screenshot...
2024-08-26 13:55:51,135: - INFO - : com.demo.apitest.Test_NavData_JPN > Switch to 'Non-Config' mode...
2024-08-26 13:55:51,182: - INFO - : test_Step01_Login_ENG > [Pass]Take screenshot...
2024-08-26 13:55:51,232: - INFO - : com.demo.apitest.Test_NavData_ENG > Switch to 'Non-Config' mode...
2024-08-26 13:55:51,314: - INFO - : com.demo.apitest.Test_NavData_JPN > Data created for [JPN]!
2024-08-26 13:55:51,314: - INFO - : com.demo.apitest.Test_NavData_ENG > Data created for [ENG]!
2024-08-26 13:55:53,261: - INFO - : com.demo.apitest.Func_ENG > 'HOME' Menu: Dashboard
2024-08-26 13:55:53,284: - INFO - : com.demo.apitest.Func_ENG > 'HOME' Menu: System
2024-08-26 13:55:53,325: - INFO - : com.demo.apitest.Func_ENG > 'HOME' Menu: Access Points
2024-08-26 13:55:53,346: - INFO - : com.demo.apitest.Func_ENG > 'HOME' Menu: Capture ATP
2024-08-26 13:55:53,378: - INFO - : com.demo.apitest.Func_ENG > 'HOME' Menu: Topology
2024-08-26 13:55:53,402: - INFO - : com.demo.apitest.Func_ENG > 'HOME' Menu: Legal Information
2024-08-26 13:55:53,425: - INFO - : com.demo.apitest.Func_ENG > 'HOME' Menu: API
2024-08-26 13:55:53,425: - INFO - : com.demo.apitest.Func_ENG > ========================================================================
2024-08-26 13:55:53,425: - INFO - : com.demo.apitest.Func_ENG > 'HOME' Menu: No duplicated data to the TOP
2024-08-26 13:55:53,425: - INFO - : com.demo.apitest.Func_ENG > ========================================================================
2024-08-26 13:55:53,425: - INFO - : com.demo.apitest.Func_ENG > ALL MENU: 7
2024-08-26 13:55:53,679: - INFO - : com.demo.apitest.Test_NavData_ENG > Data updated for [ENG]!
2024-08-26 13:55:53,679: - INFO - : com.demo.apitest.Test_NavData_ENG > Top menu 'HOME' is done!
2024-08-26 13:55:53,696: - INFO - : com.demo.apitest.Func_JPN > 'HOME' Menu: ダッシュボード >> Dashboard
2024-08-26 13:55:53,704: - INFO - : com.demo.apitest.Func_JPN > 'HOME' Menu: システム >> System
2024-08-26 13:55:53,711: - INFO - : com.demo.apitest.Func_JPN > 'HOME' Menu: アクセス ポイント >> Access Points
2024-08-26 13:55:53,726: - INFO - : com.demo.apitest.Func_JPN > 'HOME' Menu: キャプチャ ATP >> Capture ATP
2024-08-26 13:55:53,747: - INFO - : com.demo.apitest.Func_JPN > 'HOME' Menu: トポロジ >> Topology
2024-08-26 13:55:53,766: - INFO - : com.demo.apitest.Func_JPN > 'HOME' Menu: 法的情報 >> Legal Information
2024-08-26 13:55:53,773: - INFO - : com.demo.apitest.Func_JPN > 'HOME' Menu: API >> API
2024-08-26 13:55:53,773: - INFO - : com.demo.apitest.Func_JPN > ========================================================================
2024-08-26 13:55:53,773: - INFO - : com.demo.apitest.Func_JPN > 'HOME' Menu: No duplicated data to the TOP
2024-08-26 13:55:53,773: - INFO - : com.demo.apitest.Func_JPN > ========================================================================
2024-08-26 13:55:53,773: - INFO - : com.demo.apitest.Func_JPN > ALL MENU: 7
2024-08-26 13:55:53,805: - INFO - : com.demo.apitest.Test_NavData_JPN > Data updated for [JPN]!
2024-08-26 13:55:53,805: - INFO - : com.demo.apitest.Test_NavData_JPN > Top menu 'HOME' is done!
2024-08-26 13:55:56,107: - INFO - : com.demo.apitest.Func_JPN > 'MONITOR' Menu: リアルタイム グラフ >> Real-Time Charts
2024-08-26 13:55:56,121: - INFO - : com.demo.apitest.Func_JPN > 'MONITOR' Menu: システム監視 >> System Monitor
2024-08-26 13:55:56,129: - INFO - : com.demo.apitest.Func_JPN > 'MONITOR' Menu: プロトコル監視 >> Protocol Monitor
2024-08-26 13:55:56,145: - INFO - : com.demo.apitest.Func_JPN > 'MONITOR' Menu: ユーザ監視 >> User Monitor
2024-08-26 13:55:56,166: - INFO - : com.demo.apitest.Func_JPN > 'MONITOR' Menu: 帯域幅管理監視 >> BWM Monitor
2024-08-26 13:55:56,177: - INFO - : com.demo.apitest.Func_JPN > 'MONITOR' Menu: AppFlow >> AppFlow
2024-08-26 13:55:56,196: - INFO - : com.demo.apitest.Func_JPN > 'MONITOR' Menu: AppFlow 報告 >> AppFlow Report
2024-08-26 13:55:56,196: - INFO - : com.demo.apitest.Func_JPN > 'MONITOR' Menu: AppFlow 監視 >> AppFlow Monitor
2024-08-26 13:55:56,208: - INFO - : com.demo.apitest.Func_JPN > 'MONITOR' Menu: CTA レポート >> CTA Report
2024-08-26 13:55:56,240: - INFO - : com.demo.apitest.Func_JPN > 'MONITOR' Menu: SDWAN >> SDWAN
2024-08-26 13:55:56,247: - INFO - : com.demo.apitest.Func_JPN > 'MONITOR' Menu: SDWAN 監視 >> SDWAN Monitor
2024-08-26 13:55:56,283: - INFO - : com.demo.apitest.Func_JPN > 'MONITOR' Menu: SD-WAN 接続 >> SD-WAN Connections
2024-08-26 13:55:56,396: - INFO - : com.demo.apitest.Func_JPN > 'MONITOR' Menu: ログ >> Logs
2024-08-26 13:55:56,450: - INFO - : com.demo.apitest.Func_JPN > 'MONITOR' Menu: システム ログ >> System Logs
2024-08-26 13:55:56,469: - INFO - : com.demo.apitest.Func_JPN > 'MONITOR' Menu: 監査ログ >> Auditing Logs
2024-08-26 13:55:56,476: - INFO - : com.demo.apitest.Func_JPN > 'MONITOR' Menu: 脅威ログ >> Threat Logs
2024-08-26 13:55:56,495: - INFO - : com.demo.apitest.Func_JPN > 'MONITOR' Menu: ツールと監視 >> Tools & Monitors
2024-08-26 13:55:56,508: - INFO - : com.demo.apitest.Func_JPN > 'MONITOR' Menu: パケット監視 >> Packet Monitor
2024-08-26 13:55:56,516: - INFO - : com.demo.apitest.Func_JPN > 'MONITOR' Menu: 接続 >> Connections
2024-08-26 13:55:56,530: - INFO - : com.demo.apitest.Func_JPN > 'MONITOR' Menu: コア 0 プロセス >> Core 0 Processes
2024-08-26 13:55:56,540: - INFO - : com.demo.apitest.Func_JPN > 'MONITOR' Menu: パケット再生 >> Packet Replay
2024-08-26 13:55:56,546: - INFO - : com.demo.apitest.Func_JPN > ========================================================================
2024-08-26 13:55:56,546: - INFO - : com.demo.apitest.Func_JPN > 'MONITOR' Menu: No duplicated data to the TOP
2024-08-26 13:55:56,546: - INFO - : com.demo.apitest.Func_JPN > ========================================================================
2024-08-26 13:55:56,546: - INFO - : com.demo.apitest.Func_JPN > ALL MENU: 21
2024-08-26 13:55:56,575: - INFO - : com.demo.apitest.Test_NavData_JPN > Data updated for [JPN]!
2024-08-26 13:55:56,575: - INFO - : com.demo.apitest.Test_NavData_JPN > Top menu 'MONITOR' is done!
2024-08-26 13:55:56,872: - INFO - : com.demo.apitest.Func_ENG > 'MONITOR' Menu: Real-Time Charts
2024-08-26 13:55:56,908: - INFO - : com.demo.apitest.Func_ENG > 'MONITOR' Menu: System Monitor
2024-08-26 13:55:56,939: - INFO - : com.demo.apitest.Func_ENG > 'MONITOR' Menu: Protocol Monitor
2024-08-26 13:55:56,972: - INFO - : com.demo.apitest.Func_ENG > 'MONITOR' Menu: User Monitor
2024-08-26 13:55:56,982: - INFO - : com.demo.apitest.Func_ENG > 'MONITOR' Menu: BWM Monitor
2024-08-26 13:55:57,024: - INFO - : com.demo.apitest.Func_ENG > 'MONITOR' Menu: AppFlow
2024-08-26 13:55:57,050: - INFO - : com.demo.apitest.Func_ENG > 'MONITOR' Menu: AppFlow Report
2024-08-26 13:55:57,060: - INFO - : com.demo.apitest.Func_ENG > 'MONITOR' Menu: AppFlow Monitor
2024-08-26 13:55:57,127: - INFO - : com.demo.apitest.Func_ENG > 'MONITOR' Menu: CTA Report
2024-08-26 13:55:57,169: - INFO - : com.demo.apitest.Func_ENG > 'MONITOR' Menu: SDWAN
2024-08-26 13:55:57,189: - INFO - : com.demo.apitest.Func_ENG > 'MONITOR' Menu: SDWAN Monitor
2024-08-26 13:55:57,244: - INFO - : com.demo.apitest.Func_ENG > 'MONITOR' Menu: SD-WAN Connections
2024-08-26 13:55:57,266: - INFO - : com.demo.apitest.Func_ENG > 'MONITOR' Menu: Logs
2024-08-26 13:55:57,282: - INFO - : com.demo.apitest.Func_ENG > 'MONITOR' Menu: System Logs
2024-08-26 13:55:57,317: - INFO - : com.demo.apitest.Func_ENG > 'MONITOR' Menu: Auditing Logs
2024-08-26 13:55:57,331: - INFO - : com.demo.apitest.Func_ENG > 'MONITOR' Menu: Threat Logs
2024-08-26 13:55:57,362: - INFO - : com.demo.apitest.Func_ENG > 'MONITOR' Menu: Tools & Monitors
2024-08-26 13:55:57,394: - INFO - : com.demo.apitest.Func_ENG > 'MONITOR' Menu: Packet Monitor
2024-08-26 13:55:57,411: - INFO - : com.demo.apitest.Func_ENG > 'MONITOR' Menu: Connections
2024-08-26 13:55:57,445: - INFO - : com.demo.apitest.Func_ENG > 'MONITOR' Menu: Core 0 Processes
2024-08-26 13:55:57,457: - INFO - : com.demo.apitest.Func_ENG > 'MONITOR' Menu: Packet Replay
2024-08-26 13:55:57,457: - INFO - : com.demo.apitest.Func_ENG > ========================================================================
2024-08-26 13:55:57,457: - INFO - : com.demo.apitest.Func_ENG > 'MONITOR' Menu: No duplicated data to the TOP
2024-08-26 13:55:57,457: - INFO - : com.demo.apitest.Func_ENG > ========================================================================
2024-08-26 13:55:57,457: - INFO - : com.demo.apitest.Func_ENG > ALL MENU: 21
2024-08-26 13:55:57,488: - INFO - : com.demo.apitest.Test_NavData_ENG > Data updated for [ENG]!
2024-08-26 13:55:57,488: - INFO - : com.demo.apitest.Test_NavData_ENG > Top menu 'MONITOR' is done!
2024-08-26 13:55:59,234: - INFO - : com.demo.apitest.Func_JPN > 'DEVICE' Menu: 設定 >> Settings
2024-08-26 13:55:59,255: - INFO - : com.demo.apitest.Func_JPN > 'DEVICE' Menu: ライセンス >> Licenses
2024-08-26 13:55:59,259: - INFO - : com.demo.apitest.Func_JPN > 'DEVICE' Menu: 管理 >> Administration
2024-08-26 13:55:59,298: - INFO - : com.demo.apitest.Func_JPN > 'DEVICE' Menu: 時間 >> Time
2024-08-26 13:55:59,308: - INFO - : com.demo.apitest.Func_JPN > 'DEVICE' Menu: 証明書 >> Certificates
2024-08-26 13:55:59,308: - INFO - : com.demo.apitest.Func_ENG > 'DEVICE' Menu: Settings
2024-08-26 13:55:59,308: - INFO - : com.demo.apitest.Func_JPN > 'DEVICE' Menu: SNMP >> SNMP
2024-08-26 13:55:59,334: - INFO - : com.demo.apitest.Func_JPN > 'DEVICE' Menu: ファームウェアと設定 >> Firmware and Settings
2024-08-26 13:55:59,337: - INFO - : com.demo.apitest.Func_JPN > 'DEVICE' Menu: 記憶装置 >> Storage
2024-08-26 13:55:59,337: - INFO - : com.demo.apitest.Func_ENG > 'DEVICE' Menu: Licenses
2024-08-26 13:55:59,353: - INFO - : com.demo.apitest.Func_JPN > 'DEVICE' Menu: 再起動 >> Restart
2024-08-26 13:55:59,370: - INFO - : com.demo.apitest.Func_ENG > 'DEVICE' Menu: Administration
2024-08-26 13:55:59,370: - INFO - : com.demo.apitest.Func_JPN > 'DEVICE' Menu: 高可用性 >> High Availability
2024-08-26 13:55:59,385: - INFO - : com.demo.apitest.Func_JPN > 'DEVICE' Menu: 状況 >> Status
2024-08-26 13:55:59,389: - INFO - : com.demo.apitest.Func_ENG > 'DEVICE' Menu: Time
2024-08-26 13:55:59,389: - INFO - : com.demo.apitest.Func_JPN > 'DEVICE' Menu: 設定 >> Settings
2024-08-26 13:55:59,400: - INFO - : com.demo.apitest.Func_JPN > 'DEVICE' Menu: 詳細 >> Advanced
2024-08-26 13:55:59,416: - INFO - : com.demo.apitest.Func_JPN > 'DEVICE' Menu: 監視 >> Monitoring
2024-08-26 13:55:59,416: - INFO - : com.demo.apitest.Func_ENG > 'DEVICE' Menu: Certificates
2024-08-26 13:55:59,416: - INFO - : com.demo.apitest.Func_JPN > 'DEVICE' Menu: ユーザ >> Users
2024-08-26 13:55:59,439: - INFO - : com.demo.apitest.Func_JPN > 'DEVICE' Menu: 状況 >> Status
2024-08-26 13:55:59,439: - INFO - : com.demo.apitest.Func_ENG > 'DEVICE' Menu: SNMP
2024-08-26 13:55:59,448: - INFO - : com.demo.apitest.Func_JPN > 'DEVICE' Menu: 設定 >> Settings
2024-08-26 13:55:59,467: - INFO - : com.demo.apitest.Func_ENG > 'DEVICE' Menu: Firmware and Settings
2024-08-26 13:55:59,467: - INFO - : com.demo.apitest.Func_JPN > 'DEVICE' Menu: パーティション >> Partitions
2024-08-26 13:55:59,467: - INFO - : com.demo.apitest.Func_JPN > 'DEVICE' Menu: ローカル ユーザとグループ >> Local Users & Groups
2024-08-26 13:55:59,480: - INFO - : com.demo.apitest.Func_JPN > 'DEVICE' Menu: ゲスト サービス >> Guest Services
2024-08-26 13:55:59,480: - INFO - : com.demo.apitest.Func_ENG > 'DEVICE' Menu: Storage
2024-08-26 13:55:59,495: - INFO - : com.demo.apitest.Func_JPN > 'DEVICE' Menu: ゲスト アカウント >> Guest Accounts
2024-08-26 13:55:59,495: - INFO - : com.demo.apitest.Func_ENG > 'DEVICE' Menu: Restart
2024-08-26 13:55:59,495: - INFO - : com.demo.apitest.Func_JPN > 'DEVICE' Menu: ゲスト状況 >> Guest Status
2024-08-26 13:55:59,512: - INFO - : com.demo.apitest.Func_JPN > 'DEVICE' Menu: AppFlow >> AppFlow
2024-08-26 13:55:59,529: - INFO - : com.demo.apitest.Func_ENG > 'DEVICE' Menu: High Availability
2024-08-26 13:55:59,528: - INFO - : com.demo.apitest.Func_JPN > 'DEVICE' Menu: フロー報告 >> Flow Reporting
2024-08-26 13:55:59,534: - INFO - : com.demo.apitest.Func_JPN > 'DEVICE' Menu: AppFlow エージェント >> AppFlow Agent
2024-08-26 13:55:59,543: - INFO - : com.demo.apitest.Func_ENG > 'DEVICE' Menu: Status
2024-08-26 13:55:59,543: - INFO - : com.demo.apitest.Func_JPN > 'DEVICE' Menu: ネットワーク アクセス制御 >> Network Access Control
2024-08-26 13:55:59,561: - INFO - : com.demo.apitest.Func_JPN > 'DEVICE' Menu: 設定 >> Settings
2024-08-26 13:55:59,561: - INFO - : com.demo.apitest.Func_ENG > 'DEVICE' Menu: Settings
2024-08-26 13:55:59,561: - INFO - : com.demo.apitest.Func_JPN > 'DEVICE' Menu: セッション >> Sessions
2024-08-26 13:55:59,575: - INFO - : com.demo.apitest.Func_JPN > 'DEVICE' Menu: ログ >> Log
2024-08-26 13:55:59,591: - INFO - : com.demo.apitest.Func_ENG > 'DEVICE' Menu: Advanced
2024-08-26 13:55:59,591: - INFO - : com.demo.apitest.Func_JPN > 'DEVICE' Menu: 設定 >> Settings
2024-08-26 13:55:59,606: - INFO - : com.demo.apitest.Func_JPN > 'DEVICE' Menu: Syslog >> Syslog
2024-08-26 13:55:59,610: - INFO - : com.demo.apitest.Func_JPN > 'DEVICE' Menu: 自動化 >> Automation
2024-08-26 13:55:59,610: - INFO - : com.demo.apitest.Func_ENG > 'DEVICE' Menu: Monitoring
2024-08-26 13:55:59,628: - INFO - : com.demo.apitest.Func_JPN > 'DEVICE' Menu: 名前解決 >> Name Resolution
2024-08-26 13:55:59,638: - INFO - : com.demo.apitest.Func_ENG > 'DEVICE' Menu: Users
2024-08-26 13:55:59,638: - INFO - : com.demo.apitest.Func_JPN > 'DEVICE' Menu: レポート >> Reports
2024-08-26 13:55:59,638: - INFO - : com.demo.apitest.Func_JPN > 'DEVICE' Menu: AWS >> AWS
2024-08-26 13:55:59,654: - INFO - : com.demo.apitest.Func_ENG > 'DEVICE' Menu: Status
2024-08-26 13:55:59,654: - INFO - : com.demo.apitest.Func_JPN > 'DEVICE' Menu: 診断 >> Diagnostics
2024-08-26 13:55:59,654: - INFO - : com.demo.apitest.Func_JPN > 'DEVICE' Menu: テクニカル サポート レポート >> Tech Support Report
2024-08-26 13:55:59,670: - INFO - : com.demo.apitest.Func_ENG > 'DEVICE' Menu: Settings
2024-08-26 13:55:59,670: - INFO - : com.demo.apitest.Func_JPN > 'DEVICE' Menu: ネットワーク設定の確認 >> Check Network Settings
2024-08-26 13:55:59,691: - INFO - : com.demo.apitest.Func_JPN > 'DEVICE' Menu: DNS 名の調査 >> DNS Name Lookup
2024-08-26 13:55:59,702: - INFO - : com.demo.apitest.Func_ENG > 'DEVICE' Menu: Local Users & Groups
2024-08-26 13:55:59,702: - INFO - : com.demo.apitest.Func_JPN > 'DEVICE' Menu: ネットワーク パス >> Network Path
2024-08-26 13:55:59,702: - INFO - : com.demo.apitest.Func_JPN > 'DEVICE' Menu: Ping >> Ping
2024-08-26 13:55:59,718: - INFO - : com.demo.apitest.Func_JPN > 'DEVICE' Menu: ルート追跡 >> Trace Route
2024-08-26 13:55:59,718: - INFO - : com.demo.apitest.Func_ENG > 'DEVICE' Menu: Guest Services
2024-08-26 13:55:59,718: - INFO - : com.demo.apitest.Func_JPN > 'DEVICE' Menu: リアルタイム ブラックリスト >> Real-Time Blacklist
2024-08-26 13:55:59,735: - INFO - : com.demo.apitest.Func_ENG > 'DEVICE' Menu: Guest Accounts
2024-08-26 13:55:59,735: - INFO - : com.demo.apitest.Func_JPN > 'DEVICE' Menu: 逆引き名前調査 >> Reverse Name Lookup
2024-08-26 13:55:59,754: - INFO - : com.demo.apitest.Func_JPN > 'DEVICE' Menu: 上位接続 >> Connection TopX
2024-08-26 13:55:59,756: - INFO - : com.demo.apitest.Func_ENG > 'DEVICE' Menu: Guest Status
2024-08-26 13:55:59,756: - INFO - : com.demo.apitest.Func_JPN > 'DEVICE' Menu: 地域とボットネット >> Geo and Botnet
2024-08-26 13:55:59,765: - INFO - : com.demo.apitest.Func_JPN > 'DEVICE' Menu: MX とバナー >> MX and Banner
2024-08-26 13:55:59,781: - INFO - : com.demo.apitest.Func_ENG > 'DEVICE' Menu: AppFlow
2024-08-26 13:55:59,781: - INFO - : com.demo.apitest.Func_JPN > 'DEVICE' Menu: グリッド確認 >> GRID Check
2024-08-26 13:55:59,781: - INFO - : com.demo.apitest.Func_JPN > 'DEVICE' Menu: URL 格付け要求 >> URL Rating Request
2024-08-26 13:55:59,797: - INFO - : com.demo.apitest.Func_ENG > 'DEVICE' Menu: Flow Reporting
2024-08-26 13:55:59,797: - INFO - : com.demo.apitest.Func_JPN > 'DEVICE' Menu: PMTU 検出 >> PMTU Discovery
2024-08-26 13:55:59,812: - INFO - : com.demo.apitest.Func_JPN > 'DEVICE' Menu: スイッチ診断 >> Switch Diagnostics
2024-08-26 13:55:59,812: - INFO - : com.demo.apitest.Func_ENG > 'DEVICE' Menu: AppFlow Agent
2024-08-26 13:55:59,812: - INFO - : com.demo.apitest.Func_JPN > 'DEVICE' Menu: スイッチ ネットワーク >> Switch Network
2024-08-26 13:55:59,834: - INFO - : com.demo.apitest.Func_JPN > 'DEVICE' Menu: 概要 >> Overview
2024-08-26 13:55:59,844: - INFO - : com.demo.apitest.Func_ENG > 'DEVICE' Menu: Network Access Control
2024-08-26 13:55:59,844: - INFO - : com.demo.apitest.Func_JPN > 'DEVICE' Menu: スイッチ >> Switches
2024-08-26 13:55:59,844: - INFO - : com.demo.apitest.Func_JPN > 'DEVICE' Menu: アクセス ポイント >> Access Points
2024-08-26 13:55:59,860: - INFO - : com.demo.apitest.Func_ENG > 'DEVICE' Menu: Settings
2024-08-26 13:55:59,860: - INFO - : com.demo.apitest.Func_JPN > 'DEVICE' Menu: 設定 >> Settings
2024-08-26 13:55:59,875: - INFO - : com.demo.apitest.Func_JPN > 'DEVICE' Menu: ファームウェア管理 >> Firmware Management
2024-08-26 13:55:59,875: - INFO - : com.demo.apitest.Func_ENG > 'DEVICE' Menu: Sessions
2024-08-26 13:55:59,875: - INFO - : com.demo.apitest.Func_JPN > 'DEVICE' Menu: フロア プランの表示 >> Floor Plan View
2024-08-26 13:55:59,891: - INFO - : com.demo.apitest.Func_JPN > 'DEVICE' Menu: ステーション状況 >> Station Status
2024-08-26 13:55:59,912: - INFO - : com.demo.apitest.Func_JPN > 'DEVICE' Menu: IDS >> IDS
2024-08-26 13:55:59,912: - INFO - : com.demo.apitest.Func_ENG > 'DEVICE' Menu: Log
2024-08-26 13:55:59,923: - INFO - : com.demo.apitest.Func_JPN > 'DEVICE' Menu: 高度な IDP >> Advanced IDP
2024-08-26 13:55:59,935: - INFO - : com.demo.apitest.Func_ENG > 'DEVICE' Menu: Settings
2024-08-26 13:55:59,935: - INFO - : com.demo.apitest.Func_JPN > 'DEVICE' Menu: パケット キャプチャ >> Packet Capture
2024-08-26 13:55:59,938: - INFO - : com.demo.apitest.Func_JPN > 'DEVICE' Menu: 仮想アクセス ポイント >> Virtual Access Point
2024-08-26 13:55:59,954: - INFO - : com.demo.apitest.Func_ENG > 'DEVICE' Menu: Syslog
2024-08-26 13:55:59,954: - INFO - : com.demo.apitest.Func_JPN > 'DEVICE' Menu: RF 監視 >> RF Monitoring
2024-08-26 13:55:59,974: - INFO - : com.demo.apitest.Func_JPN > 'DEVICE' Menu: RF 解析 >> RF Analysis
2024-08-26 13:55:59,974: - INFO - : com.demo.apitest.Func_ENG > 'DEVICE' Menu: Automation
2024-08-26 13:55:59,974: - INFO - : com.demo.apitest.Func_JPN > 'DEVICE' Menu: RF スペクトラム >> RF Spectrum
2024-08-26 13:55:59,986: - INFO - : com.demo.apitest.Func_JPN > 'DEVICE' Menu: FairNet >> FairNet
2024-08-26 13:56:00,006: - INFO - : com.demo.apitest.Func_JPN > 'DEVICE' Menu: Wi-Fi マルチメディア >> Wi-Fi Multimedia
2024-08-26 13:56:00,018: - INFO - : com.demo.apitest.Func_JPN > 'DEVICE' Menu: 3G/4G/LTE WWAN >> 3G/4G/LTE WWAN
2024-08-26 13:56:00,038: - INFO - : com.demo.apitest.Func_JPN > 'DEVICE' Menu: Bluetooth LE >> Bluetooth LE
2024-08-26 13:56:00,041: - INFO - : com.demo.apitest.Func_ENG > 'DEVICE' Menu: Name Resolution
2024-08-26 13:56:00,053: - INFO - : com.demo.apitest.Func_JPN > 'DEVICE' Menu: 無線管理 >> Radio Management
2024-08-26 13:56:00,067: - INFO - : com.demo.apitest.Func_ENG > 'DEVICE' Menu: Reports
2024-08-26 13:56:00,067: - INFO - : com.demo.apitest.Func_JPN > 'DEVICE' Menu: WWAN >> WWAN
2024-08-26 13:56:00,067: - INFO - : com.demo.apitest.Func_JPN > ========================================================================
2024-08-26 13:56:00,067: - INFO - : com.demo.apitest.Func_JPN > 'DEVICE' Menu: Settings >> Settings (TOP)
2024-08-26 13:56:00,067: - INFO - : com.demo.apitest.Func_JPN > ========================================================================
2024-08-26 13:56:00,067: - INFO - : com.demo.apitest.Func_JPN > ALL MENU: 72
2024-08-26 13:56:00,082: - INFO - : com.demo.apitest.Func_ENG > 'DEVICE' Menu: AWS
2024-08-26 13:56:00,097: - INFO - : com.demo.apitest.Test_NavData_JPN > Data updated for [JPN]!
2024-08-26 13:56:00,097: - INFO - : com.demo.apitest.Test_NavData_JPN > Top menu 'DEVICE' is done!
2024-08-26 13:56:00,113: - INFO - : com.demo.apitest.Func_ENG > 'DEVICE' Menu: Diagnostics
2024-08-26 13:56:00,152: - INFO - : com.demo.apitest.Func_ENG > 'DEVICE' Menu: Tech Support Report
2024-08-26 13:56:00,209: - INFO - : com.demo.apitest.Func_ENG > 'DEVICE' Menu: Check Network Settings
2024-08-26 13:56:00,240: - INFO - : com.demo.apitest.Func_ENG > 'DEVICE' Menu: DNS Name Lookup
2024-08-26 13:56:00,556: - INFO - : com.demo.apitest.Func_ENG > 'DEVICE' Menu: Network Path
2024-08-26 13:56:00,627: - INFO - : com.demo.apitest.Func_ENG > 'DEVICE' Menu: Ping
2024-08-26 13:56:00,731: - INFO - : com.demo.apitest.Func_ENG > 'DEVICE' Menu: Trace Route
2024-08-26 13:56:00,841: - INFO - : com.demo.apitest.Func_ENG > 'DEVICE' Menu: Real-Time Blacklist
2024-08-26 13:56:01,329: - INFO - : com.demo.apitest.Func_ENG > 'DEVICE' Menu: Reverse Name Lookup
2024-08-26 13:56:01,441: - INFO - : com.demo.apitest.Func_ENG > 'DEVICE' Menu: Connection TopX
2024-08-26 13:56:01,485: - INFO - : com.demo.apitest.Func_ENG > 'DEVICE' Menu: Geo and Botnet
2024-08-26 13:56:01,543: - INFO - : com.demo.apitest.Func_ENG > 'DEVICE' Menu: MX and Banner
2024-08-26 13:56:01,579: - INFO - : com.demo.apitest.Func_ENG > 'DEVICE' Menu: GRID Check
2024-08-26 13:56:01,611: - INFO - : com.demo.apitest.Func_ENG > 'DEVICE' Menu: URL Rating Request
2024-08-26 13:56:01,637: - INFO - : com.demo.apitest.Func_ENG > 'DEVICE' Menu: PMTU Discovery
2024-08-26 13:56:01,660: - INFO - : com.demo.apitest.Func_ENG > 'DEVICE' Menu: Switch Diagnostics
2024-08-26 13:56:01,691: - INFO - : com.demo.apitest.Func_ENG > 'DEVICE' Menu: Switch Network
2024-08-26 13:56:01,723: - INFO - : com.demo.apitest.Func_ENG > 'DEVICE' Menu: Overview
2024-08-26 13:56:01,738: - INFO - : com.demo.apitest.Func_ENG > 'DEVICE' Menu: Switches
2024-08-26 13:56:01,774: - INFO - : com.demo.apitest.Func_ENG > 'DEVICE' Menu: Access Points
2024-08-26 13:56:01,801: - INFO - : com.demo.apitest.Func_ENG > 'DEVICE' Menu: Settings
2024-08-26 13:56:01,821: - INFO - : com.demo.apitest.Func_ENG > 'DEVICE' Menu: Firmware Management
2024-08-26 13:56:01,852: - INFO - : com.demo.apitest.Func_ENG > 'DEVICE' Menu: Floor Plan View
2024-08-26 13:56:01,883: - INFO - : com.demo.apitest.Func_ENG > 'DEVICE' Menu: Station Status
2024-08-26 13:56:01,916: - INFO - : com.demo.apitest.Func_ENG > 'DEVICE' Menu: IDS
2024-08-26 13:56:01,938: - INFO - : com.demo.apitest.Func_ENG > 'DEVICE' Menu: Advanced IDP
2024-08-26 13:56:01,962: - INFO - : com.demo.apitest.Func_ENG > 'DEVICE' Menu: Packet Capture
2024-08-26 13:56:01,976: - INFO - : com.demo.apitest.Func_ENG > 'DEVICE' Menu: Virtual Access Point
2024-08-26 13:56:01,991: - INFO - : com.demo.apitest.Func_ENG > 'DEVICE' Menu: RF Monitoring
2024-08-26 13:56:02,007: - INFO - : com.demo.apitest.Func_ENG > 'DEVICE' Menu: RF Analysis
2024-08-26 13:56:02,101: - INFO - : com.demo.apitest.Func_ENG > 'DEVICE' Menu: RF Spectrum
2024-08-26 13:56:02,401: - INFO - : com.demo.apitest.Func_ENG > 'DEVICE' Menu: FairNet
2024-08-26 13:56:02,425: - INFO - : com.demo.apitest.Func_ENG > 'DEVICE' Menu: Wi-Fi Multimedia
2024-08-26 13:56:02,438: - INFO - : com.demo.apitest.Func_ENG > 'DEVICE' Menu: 3G/4G/LTE WWAN
2024-08-26 13:56:02,453: - INFO - : com.demo.apitest.Func_ENG > 'DEVICE' Menu: Bluetooth LE
2024-08-26 13:56:02,465: - INFO - : com.demo.apitest.Func_ENG > 'DEVICE' Menu: Radio Management
2024-08-26 13:56:02,499: - INFO - : com.demo.apitest.Func_ENG > 'DEVICE' Menu: WWAN
2024-08-26 13:56:02,499: - INFO - : com.demo.apitest.Func_ENG > ========================================================================
2024-08-26 13:56:02,499: - INFO - : com.demo.apitest.Func_ENG > 'DEVICE' Menu: Settings >> Settings (TOP)
2024-08-26 13:56:02,499: - INFO - : com.demo.apitest.Func_ENG > ========================================================================
2024-08-26 13:56:02,499: - INFO - : com.demo.apitest.Func_ENG > ALL MENU: 71
2024-08-26 13:56:02,539: - INFO - : com.demo.apitest.Test_NavData_ENG > Data updated for [ENG]!
2024-08-26 13:56:02,539: - INFO - : com.demo.apitest.Test_NavData_ENG > Top menu 'DEVICE' is done!
2024-08-26 13:56:02,655: - INFO - : com.demo.apitest.Func_JPN > 'NETWORK' Menu: システム >> System
2024-08-26 13:56:02,670: - INFO - : com.demo.apitest.Func_JPN > 'NETWORK' Menu: インターフェース >> Interfaces
2024-08-26 13:56:02,686: - INFO - : com.demo.apitest.Func_JPN > 'NETWORK' Menu: フェイルオーバーと負荷分散 >> Failover & LB
2024-08-26 13:56:02,686: - INFO - : com.demo.apitest.Func_JPN > 'NETWORK' Menu: 近隣者検出 >> Neighbor Discovery
2024-08-26 13:56:02,708: - INFO - : com.demo.apitest.Func_JPN > 'NETWORK' Menu: ARP >> ARP
2024-08-26 13:56:02,751: - INFO - : com.demo.apitest.Func_JPN > 'NETWORK' Menu: MAC IP アンチスプーフ >> MAC IP Anti-Spoof
2024-08-26 13:56:02,762: - INFO - : com.demo.apitest.Func_JPN > 'NETWORK' Menu: ウェブ プロキシ >> Web Proxy
2024-08-26 13:56:02,766: - INFO - : com.demo.apitest.Func_JPN > 'NETWORK' Menu: PortShield グループ >> PortShield Groups
2024-08-26 13:56:02,781: - INFO - : com.demo.apitest.Func_JPN > 'NETWORK' Menu: VLAN 変換 >> VLAN Translation
2024-08-26 13:56:02,781: - INFO - : com.demo.apitest.Func_JPN > 'NETWORK' Menu: IP ヘルパー >> IP Helper
2024-08-26 13:56:02,797: - INFO - : com.demo.apitest.Func_JPN > 'NETWORK' Menu: 動的ルーティング >> Dynamic Routing
2024-08-26 13:56:02,813: - INFO - : com.demo.apitest.Func_JPN > 'NETWORK' Menu: DHCP サーバ >> DHCP Server
2024-08-26 13:56:02,813: - INFO - : com.demo.apitest.Func_JPN > 'NETWORK' Menu: マルチキャスト >> Multicast
2024-08-26 13:56:02,838: - INFO - : com.demo.apitest.Func_JPN > 'NETWORK' Menu: ネットワーク監視 >> Network Monitor
2024-08-26 13:56:02,853: - INFO - : com.demo.apitest.Func_JPN > 'NETWORK' Menu: AWS 設定 >> AWS Configuration
2024-08-26 13:56:02,860: - INFO - : com.demo.apitest.Func_JPN > 'NETWORK' Menu: ファイアウォール >> Firewall
2024-08-26 13:56:02,860: - INFO - : com.demo.apitest.Func_JPN > 'NETWORK' Menu: 詳細 >> Advanced
2024-08-26 13:56:02,876: - INFO - : com.demo.apitest.Func_JPN > 'NETWORK' Menu: フラッド防御 >> Flood Protection
2024-08-26 13:56:02,900: - INFO - : com.demo.apitest.Func_JPN > 'NETWORK' Menu: SSL 制御 >> SSL Control
2024-08-26 13:56:02,907: - INFO - : com.demo.apitest.Func_JPN > 'NETWORK' Menu: 暗号化制御 >> Cipher Control
2024-08-26 13:56:02,923: - INFO - : com.demo.apitest.Func_JPN > 'NETWORK' Menu: RBL フィルタ >> RBL Filter
2024-08-26 13:56:02,944: - INFO - : com.demo.apitest.Func_JPN > 'NETWORK' Menu: VoIP >> VoIP
2024-08-26 13:56:02,955: - INFO - : com.demo.apitest.Func_JPN > 'NETWORK' Menu: 設定 >> Settings
2024-08-26 13:56:02,955: - INFO - : com.demo.apitest.Func_JPN > 'NETWORK' Menu: 通話状況 >> Call Status
2024-08-26 13:56:02,970: - INFO - : com.demo.apitest.Func_JPN > 'NETWORK' Menu: DNS >> DNS
2024-08-26 13:56:02,986: - INFO - : com.demo.apitest.Func_JPN > 'NETWORK' Menu: 設定 >> Settings
2024-08-26 13:56:03,001: - INFO - : com.demo.apitest.Func_JPN > 'NETWORK' Menu: 動的 DNS >> Dynamic DNS
2024-08-26 13:56:03,017: - INFO - : com.demo.apitest.Func_JPN > 'NETWORK' Menu: DNS プロキシ >> DNS Proxy
2024-08-26 13:56:03,039: - INFO - : com.demo.apitest.Func_JPN > 'NETWORK' Menu: スイッチング >> Switching
2024-08-26 13:56:03,039: - INFO - : com.demo.apitest.Func_JPN > 'NETWORK' Menu: VLAN トランク >> VLAN Trunking
2024-08-26 13:56:03,049: - INFO - : com.demo.apitest.Func_JPN > 'NETWORK' Menu: L2 発見 >> L2 Discovery
2024-08-26 13:56:03,065: - INFO - : com.demo.apitest.Func_JPN > 'NETWORK' Menu: リンク統合 >> Link Aggregation
2024-08-26 13:56:03,065: - INFO - : com.demo.apitest.Func_JPN > 'NETWORK' Menu: ポート ミラーリング >> Port Mirroring
2024-08-26 13:56:03,084: - INFO - : com.demo.apitest.Func_JPN > 'NETWORK' Menu: SDWAN >> SDWAN
2024-08-26 13:56:03,097: - INFO - : com.demo.apitest.Func_JPN > 'NETWORK' Menu: グループ >> Groups
2024-08-26 13:56:03,097: - INFO - : com.demo.apitest.Func_JPN > 'NETWORK' Menu: SLA プローブ >> SLA Probes
2024-08-26 13:56:03,113: - INFO - : com.demo.apitest.Func_JPN > 'NETWORK' Menu: SLA クラス オブジェクト >> SLA Class Objects
2024-08-26 13:56:03,113: - INFO - : com.demo.apitest.Func_JPN > 'NETWORK' Menu: パス選択プロファイル >> Path Selection Profiles
2024-08-26 13:56:03,139: - INFO - : com.demo.apitest.Func_JPN > 'NETWORK' Menu: ルール >> Rules
2024-08-26 13:56:03,144: - INFO - : com.demo.apitest.Func_JPN > 'NETWORK' Menu: IPSec VPN >> IPSec VPN
2024-08-26 13:56:03,160: - INFO - : com.demo.apitest.Func_JPN > 'NETWORK' Menu: ルールと設定 >> Rules and Settings
2024-08-26 13:56:03,187: - INFO - : com.demo.apitest.Func_JPN > 'NETWORK' Menu: 詳細 >> Advanced
2024-08-26 13:56:03,192: - INFO - : com.demo.apitest.Func_JPN > 'NETWORK' Menu: VPN を越えた DHCP >> DHCP over VPN
2024-08-26 13:56:03,208: - INFO - : com.demo.apitest.Func_JPN > 'NETWORK' Menu: L2TP サーバ >> L2TP Server
2024-08-26 13:56:03,224: - INFO - : com.demo.apitest.Func_JPN > 'NETWORK' Menu: AWS VPN >> AWS VPN
2024-08-26 13:56:03,239: - INFO - : com.demo.apitest.Func_JPN > 'NETWORK' Menu: SSL VPN >> SSL VPN
2024-08-26 13:56:03,239: - INFO - : com.demo.apitest.Func_JPN > 'NETWORK' Menu: 状況 >> Status
2024-08-26 13:56:03,255: - INFO - : com.demo.apitest.Func_JPN > 'NETWORK' Menu: サーバ設定 >> Server Settings
2024-08-26 13:56:03,275: - INFO - : com.demo.apitest.Func_JPN > 'NETWORK' Menu: クライアント設定 >> Client Settings
2024-08-26 13:56:03,287: - INFO - : com.demo.apitest.Func_JPN > 'NETWORK' Menu: ポータル設定 >> Portal Settings
2024-08-26 13:56:03,305: - INFO - : com.demo.apitest.Func_JPN > 'NETWORK' Menu: 仮想オフィス >> Virtual Office
2024-08-26 13:56:03,305: - INFO - : com.demo.apitest.Func_JPN > ========================================================================
2024-08-26 13:56:03,305: - INFO - : com.demo.apitest.Func_JPN > 'NETWORK' Menu: No duplicated data to the TOP
2024-08-26 13:56:03,305: - INFO - : com.demo.apitest.Func_JPN > ========================================================================
2024-08-26 13:56:03,305: - INFO - : com.demo.apitest.Func_JPN > ALL MENU: 51
2024-08-26 13:56:03,339: - INFO - : com.demo.apitest.Test_NavData_JPN > Data updated for [JPN]!
2024-08-26 13:56:03,339: - INFO - : com.demo.apitest.Test_NavData_JPN > Top menu 'NETWORK' is done!
2024-08-26 13:56:04,079: - INFO - : com.demo.apitest.Func_ENG > 'NETWORK' Menu: System
2024-08-26 13:56:04,091: - INFO - : com.demo.apitest.Func_ENG > 'NETWORK' Menu: Interfaces
2024-08-26 13:56:04,107: - INFO - : com.demo.apitest.Func_ENG > 'NETWORK' Menu: Failover & LB
2024-08-26 13:56:04,140: - INFO - : com.demo.apitest.Func_ENG > 'NETWORK' Menu: Neighbor Discovery
2024-08-26 13:56:04,155: - INFO - : com.demo.apitest.Func_ENG > 'NETWORK' Menu: ARP
2024-08-26 13:56:04,186: - INFO - : com.demo.apitest.Func_ENG > 'NETWORK' Menu: MAC IP Anti-Spoof
2024-08-26 13:56:04,217: - INFO - : com.demo.apitest.Func_ENG > 'NETWORK' Menu: Web Proxy
2024-08-26 13:56:04,247: - INFO - : com.demo.apitest.Func_ENG > 'NETWORK' Menu: PortShield Groups
2024-08-26 13:56:04,402: - INFO - : com.demo.apitest.Func_ENG > 'NETWORK' Menu: PoE Settings
2024-08-26 13:56:04,424: - INFO - : com.demo.apitest.Func_ENG > 'NETWORK' Menu: VLAN Translation
2024-08-26 13:56:04,470: - INFO - : com.demo.apitest.Func_ENG > 'NETWORK' Menu: IP Helper
2024-08-26 13:56:04,508: - INFO - : com.demo.apitest.Func_ENG > 'NETWORK' Menu: Dynamic Routing
2024-08-26 13:56:04,533: - INFO - : com.demo.apitest.Func_ENG > 'NETWORK' Menu: DHCP Server
2024-08-26 13:56:04,565: - INFO - : com.demo.apitest.Func_ENG > 'NETWORK' Menu: Multicast
2024-08-26 13:56:04,597: - INFO - : com.demo.apitest.Func_ENG > 'NETWORK' Menu: Network Monitor
2024-08-26 13:56:04,613: - INFO - : com.demo.apitest.Func_ENG > 'NETWORK' Menu: AWS Configuration
2024-08-26 13:56:04,647: - INFO - : com.demo.apitest.Func_ENG > 'NETWORK' Menu: Firewall
2024-08-26 13:56:04,662: - INFO - : com.demo.apitest.Func_ENG > 'NETWORK' Menu: Advanced
2024-08-26 13:56:04,676: - INFO - : com.demo.apitest.Func_ENG > 'NETWORK' Menu: Flood Protection
2024-08-26 13:56:04,708: - INFO - : com.demo.apitest.Func_ENG > 'NETWORK' Menu: SSL Control
2024-08-26 13:56:04,723: - INFO - : com.demo.apitest.Func_ENG > 'NETWORK' Menu: Cipher Control
2024-08-26 13:56:04,753: - INFO - : com.demo.apitest.Func_ENG > 'NETWORK' Menu: RBL Filter
2024-08-26 13:56:04,755: - INFO - : com.demo.apitest.Func_ENG > 'NETWORK' Menu: VoIP
2024-08-26 13:56:04,788: - INFO - : com.demo.apitest.Func_ENG > 'NETWORK' Menu: Settings
2024-08-26 13:56:04,805: - INFO - : com.demo.apitest.Func_ENG > 'NETWORK' Menu: Call Status
2024-08-26 13:56:04,819: - INFO - : com.demo.apitest.Func_ENG > 'NETWORK' Menu: DNS
2024-08-26 13:56:04,850: - INFO - : com.demo.apitest.Func_ENG > 'NETWORK' Menu: Settings
2024-08-26 13:56:04,886: - INFO - : com.demo.apitest.Func_ENG > 'NETWORK' Menu: Dynamic DNS
2024-08-26 13:56:04,900: - INFO - : com.demo.apitest.Func_ENG > 'NETWORK' Menu: DNS Proxy
2024-08-26 13:56:04,914: - INFO - : com.demo.apitest.Func_ENG > 'NETWORK' Menu: SDWAN
2024-08-26 13:56:04,945: - INFO - : com.demo.apitest.Func_ENG > 'NETWORK' Menu: Groups
2024-08-26 13:56:04,969: - INFO - : com.demo.apitest.Func_ENG > 'NETWORK' Menu: SLA Probes
2024-08-26 13:56:04,977: - INFO - : com.demo.apitest.Func_ENG > 'NETWORK' Menu: SLA Class Objects
2024-08-26 13:56:05,009: - INFO - : com.demo.apitest.Func_ENG > 'NETWORK' Menu: Path Selection Profiles
2024-08-26 13:56:05,029: - INFO - : com.demo.apitest.Func_ENG > 'NETWORK' Menu: Rules
2024-08-26 13:56:05,041: - INFO - : com.demo.apitest.Func_ENG > 'NETWORK' Menu: IPSec VPN
2024-08-26 13:56:05,073: - INFO - : com.demo.apitest.Func_ENG > 'NETWORK' Menu: Rules and Settings
2024-08-26 13:56:05,106: - INFO - : com.demo.apitest.Func_ENG > 'NETWORK' Menu: Advanced
2024-08-26 13:56:05,141: - INFO - : com.demo.apitest.Func_ENG > 'NETWORK' Menu: DHCP over VPN
2024-08-26 13:56:05,169: - INFO - : com.demo.apitest.Func_ENG > 'NETWORK' Menu: L2TP Server
2024-08-26 13:56:05,216: - INFO - : com.demo.apitest.Func_ENG > 'NETWORK' Menu: AWS VPN
2024-08-26 13:56:05,248: - INFO - : com.demo.apitest.Func_ENG > 'NETWORK' Menu: SSL VPN
2024-08-26 13:56:05,295: - INFO - : com.demo.apitest.Func_ENG > 'NETWORK' Menu: Status
2024-08-26 13:56:05,313: - INFO - : com.demo.apitest.Func_ENG > 'NETWORK' Menu: Server Settings
2024-08-26 13:56:05,326: - INFO - : com.demo.apitest.Func_JPN > 'OBJECT' Menu: 一致オブジェクト >> Match Objects
2024-08-26 13:56:05,329: - INFO - : com.demo.apitest.Func_ENG > 'NETWORK' Menu: Client Settings
2024-08-26 13:56:05,329: - INFO - : com.demo.apitest.Func_JPN > 'OBJECT' Menu: ゾーン >> Zones
2024-08-26 13:56:05,347: - INFO - : com.demo.apitest.Func_JPN > 'OBJECT' Menu: アドレス >> Addresses
2024-08-26 13:56:05,347: - INFO - : com.demo.apitest.Func_ENG > 'NETWORK' Menu: Portal Settings
2024-08-26 13:56:05,359: - INFO - : com.demo.apitest.Func_JPN > 'OBJECT' Menu: サービス >> Services
2024-08-26 13:56:05,359: - INFO - : com.demo.apitest.Func_JPN > 'OBJECT' Menu: URI リスト >> URI Lists
2024-08-26 13:56:05,374: - INFO - : com.demo.apitest.Func_ENG > 'NETWORK' Menu: Virtual Office
2024-08-26 13:56:05,374: - INFO - : com.demo.apitest.Func_JPN > 'OBJECT' Menu: 評価 >> Reputation
2024-08-26 13:56:05,374: - INFO - : com.demo.apitest.Func_ENG > ========================================================================
2024-08-26 13:56:05,374: - INFO - : com.demo.apitest.Func_ENG > 'NETWORK' Menu: No duplicated data to the TOP
2024-08-26 13:56:05,374: - INFO - : com.demo.apitest.Func_ENG > ========================================================================
2024-08-26 13:56:05,374: - INFO - : com.demo.apitest.Func_ENG > ALL MENU: 47
2024-08-26 13:56:05,390: - INFO - : com.demo.apitest.Func_JPN > 'OBJECT' Menu: 一致オブジェクト >> Match Objects
2024-08-26 13:56:05,406: - INFO - : com.demo.apitest.Test_NavData_ENG > Data updated for [ENG]!
2024-08-26 13:56:05,406: - INFO - : com.demo.apitest.Test_NavData_ENG > Top menu 'NETWORK' is done!
2024-08-26 13:56:05,407: - INFO - : com.demo.apitest.Func_JPN > 'OBJECT' Menu: スケジュール >> Schedules
2024-08-26 13:56:05,417: - INFO - : com.demo.apitest.Func_JPN > 'OBJECT' Menu: 動的グループ >> Dynamic Group
2024-08-26 13:56:05,423: - INFO - : com.demo.apitest.Func_JPN > 'OBJECT' Menu: 電子メール アドレス >> Email Addresses
2024-08-26 13:56:05,438: - INFO - : com.demo.apitest.Func_JPN > 'OBJECT' Menu: プロファイル オブジェクト >> Profile Objects
2024-08-26 13:56:05,461: - INFO - : com.demo.apitest.Func_JPN > 'OBJECT' Menu: エンドポイント セキュリティ >> Endpoint Security
2024-08-26 13:56:05,474: - INFO - : com.demo.apitest.Func_JPN > 'OBJECT' Menu: 帯域幅 >> Bandwidth
2024-08-26 13:56:05,488: - INFO - : com.demo.apitest.Func_JPN > 'OBJECT' Menu: QoS 級割 >> QoS Marking
2024-08-26 13:56:05,507: - INFO - : com.demo.apitest.Func_JPN > 'OBJECT' Menu: コンテンツ フィルタ >> Content Filter
2024-08-26 13:56:05,518: - INFO - : com.demo.apitest.Func_JPN > 'OBJECT' Menu: DHCP オプション >> DHCP Option
2024-08-26 13:56:05,521: - INFO - : com.demo.apitest.Func_JPN > 'OBJECT' Menu: AWS >> AWS
2024-08-26 13:56:05,533: - INFO - : com.demo.apitest.Func_JPN > 'OBJECT' Menu: DNS フィルタ >> DNS Filtering
2024-08-26 13:56:05,549: - INFO - : com.demo.apitest.Func_JPN > 'OBJECT' Menu: 動作オブジェクト >> Action Objects
2024-08-26 13:56:05,549: - INFO - : com.demo.apitest.Func_JPN > 'OBJECT' Menu: アプリケーション ルールの動作 >> App Rule Actions
2024-08-26 13:56:05,565: - INFO - : com.demo.apitest.Func_JPN > 'OBJECT' Menu: コンテンツ フィルタの動作 >> Content Filter Actions
2024-08-26 13:56:05,565: - INFO - : com.demo.apitest.Func_JPN > ========================================================================
2024-08-26 13:56:05,565: - INFO - : com.demo.apitest.Func_JPN > 'OBJECT' Menu: Match Objects >> Match Objects (TOP)
2024-08-26 13:56:05,565: - INFO - : com.demo.apitest.Func_JPN > ========================================================================
2024-08-26 13:56:05,565: - INFO - : com.demo.apitest.Func_JPN > ALL MENU: 21
2024-08-26 13:56:05,604: - INFO - : com.demo.apitest.Test_NavData_JPN > Data updated for [JPN]!
2024-08-26 13:56:05,604: - INFO - : com.demo.apitest.Test_NavData_JPN > Top menu 'OBJECT' is done!
2024-08-26 13:56:06,749: - INFO - : com.demo.apitest.Func_ENG > 'OBJECT' Menu: Match Objects
2024-08-26 13:56:06,806: - INFO - : com.demo.apitest.Func_ENG > 'OBJECT' Menu: Zones
2024-08-26 13:56:06,830: - INFO - : com.demo.apitest.Func_ENG > 'OBJECT' Menu: Addresses
2024-08-26 13:56:06,860: - INFO - : com.demo.apitest.Func_ENG > 'OBJECT' Menu: Services
2024-08-26 13:56:06,875: - INFO - : com.demo.apitest.Func_ENG > 'OBJECT' Menu: URI Lists
2024-08-26 13:56:06,891: - INFO - : com.demo.apitest.Func_ENG > 'OBJECT' Menu: Reputation
2024-08-26 13:56:06,923: - INFO - : com.demo.apitest.Func_ENG > 'OBJECT' Menu: Match Objects
2024-08-26 13:56:06,966: - INFO - : com.demo.apitest.Func_ENG > 'OBJECT' Menu: Schedules
2024-08-26 13:56:06,987: - INFO - : com.demo.apitest.Func_ENG > 'OBJECT' Menu: Dynamic Group
2024-08-26 13:56:07,019: - INFO - : com.demo.apitest.Func_ENG > 'OBJECT' Menu: Email Addresses
2024-08-26 13:56:07,050: - INFO - : com.demo.apitest.Func_ENG > 'OBJECT' Menu: Profile Objects
2024-08-26 13:56:07,066: - INFO - : com.demo.apitest.Func_ENG > 'OBJECT' Menu: Endpoint Security
2024-08-26 13:56:07,086: - INFO - : com.demo.apitest.Func_ENG > 'OBJECT' Menu: Bandwidth
2024-08-26 13:56:07,118: - INFO - : com.demo.apitest.Func_ENG > 'OBJECT' Menu: QoS Marking
2024-08-26 13:56:07,129: - INFO - : com.demo.apitest.Func_ENG > 'OBJECT' Menu: Content Filter
2024-08-26 13:56:07,145: - INFO - : com.demo.apitest.Func_ENG > 'OBJECT' Menu: DHCP Option
2024-08-26 13:56:07,177: - INFO - : com.demo.apitest.Func_ENG > 'OBJECT' Menu: AWS
2024-08-26 13:56:07,193: - INFO - : com.demo.apitest.Func_ENG > 'OBJECT' Menu: DNS Filtering
2024-08-26 13:56:07,225: - INFO - : com.demo.apitest.Func_ENG > 'OBJECT' Menu: Action Objects
2024-08-26 13:56:07,243: - INFO - : com.demo.apitest.Func_ENG > 'OBJECT' Menu: App Rule Actions
2024-08-26 13:56:07,271: - INFO - : com.demo.apitest.Func_ENG > 'OBJECT' Menu: Content Filter Actions
2024-08-26 13:56:07,271: - INFO - : com.demo.apitest.Func_ENG > ========================================================================
2024-08-26 13:56:07,271: - INFO - : com.demo.apitest.Func_ENG > 'OBJECT' Menu: Match Objects >> Match Objects (TOP)
2024-08-26 13:56:07,271: - INFO - : com.demo.apitest.Func_ENG > ========================================================================
2024-08-26 13:56:07,271: - INFO - : com.demo.apitest.Func_ENG > ALL MENU: 21
2024-08-26 13:56:07,291: - INFO - : com.demo.apitest.Test_NavData_ENG > Data updated for [ENG]!
2024-08-26 13:56:07,291: - INFO - : com.demo.apitest.Test_NavData_ENG > Top menu 'OBJECT' is done!
2024-08-26 13:56:08,937: - INFO - : com.demo.apitest.Func_JPN > 'POLICY' Menu: ルールとポリシー >> Rules and Policies
2024-08-26 13:56:08,945: - INFO - : com.demo.apitest.Func_JPN > 'POLICY' Menu: アクセス ルール >> Access Rules
2024-08-26 13:56:08,948: - INFO - : com.demo.apitest.Func_JPN > 'POLICY' Menu: NAT ルール >> NAT Rules
2024-08-26 13:56:08,984: - INFO - : com.demo.apitest.Func_JPN > 'POLICY' Menu: ルーティング ルール >> Routing Rules
2024-08-26 13:56:08,999: - INFO - : com.demo.apitest.Func_JPN > 'POLICY' Menu: DNS ルール >> DNS Rules
2024-08-26 13:56:09,011: - INFO - : com.demo.apitest.Func_JPN > 'POLICY' Menu: コンテンツ フィルタ ルール >> Content Filter Rules
2024-08-26 13:56:09,011: - INFO - : com.demo.apitest.Func_JPN > 'POLICY' Menu: アプリケーション ルール >> App Rules
2024-08-26 13:56:09,038: - INFO - : com.demo.apitest.Func_JPN > 'POLICY' Menu: エンドポイント ルール >> Endpoint Rules
2024-08-26 13:56:09,063: - INFO - : com.demo.apitest.Func_JPN > 'POLICY' Menu: DPI-SSL >> DPI-SSL
2024-08-26 13:56:09,076: - INFO - : com.demo.apitest.Func_JPN > 'POLICY' Menu: クライアント SSL >> Client SSL
2024-08-26 13:56:09,098: - INFO - : com.demo.apitest.Func_JPN > 'POLICY' Menu: サーバ SSL >> Server SSL
2024-08-26 13:56:09,105: - INFO - : com.demo.apitest.Func_JPN > 'POLICY' Menu: DPI-SSH >> DPI-SSH
2024-08-26 13:56:09,105: - INFO - : com.demo.apitest.Func_JPN > 'POLICY' Menu: 設定 >> Settings
2024-08-26 13:56:09,123: - INFO - : com.demo.apitest.Func_JPN > 'POLICY' Menu: セキュリティ サービス >> Security Services
2024-08-26 13:56:09,137: - INFO - : com.demo.apitest.Func_JPN > 'POLICY' Menu: サマリ >> Summary
2024-08-26 13:56:09,145: - INFO - : com.demo.apitest.Func_JPN > 'POLICY' Menu: ゲートウェイ アンチウイルス >> Gateway Anti-Virus
2024-08-26 13:56:09,156: - INFO - : com.demo.apitest.Func_JPN > 'POLICY' Menu: アンチスパイウェア >> Anti-Spyware
2024-08-26 13:56:09,156: - INFO - : com.demo.apitest.Func_JPN > 'POLICY' Menu: 侵入防御 >> Intrusion Prevention
2024-08-26 13:56:09,168: - INFO - : com.demo.apitest.Func_JPN > 'POLICY' Menu: 地域 IP フィルタ >> Geo-IP Filter
2024-08-26 13:56:09,168: - INFO - : com.demo.apitest.Func_JPN > 'POLICY' Menu: ボットネット フィルタ >> Botnet Filter
2024-08-26 13:56:09,187: - INFO - : com.demo.apitest.Func_JPN > 'POLICY' Menu: アプリケーション制御 >> App Control
2024-08-26 13:56:09,187: - INFO - : com.demo.apitest.Func_JPN > 'POLICY' Menu: コンテンツ フィルタ >> Content Filter
2024-08-26 13:56:09,200: - INFO - : com.demo.apitest.Func_JPN > 'POLICY' Menu: アンチスパム >> Anti-Spam
2024-08-26 13:56:09,200: - INFO - : com.demo.apitest.Func_JPN > 'POLICY' Menu: 状況 >> Status
2024-08-26 13:56:09,215: - INFO - : com.demo.apitest.Func_JPN > 'POLICY' Menu: 設定 >> Settings
2024-08-26 13:56:09,233: - INFO - : com.demo.apitest.Func_JPN > 'POLICY' Menu: キャプチャ ATP >> Capture ATP
2024-08-26 13:56:09,233: - INFO - : com.demo.apitest.Func_JPN > 'POLICY' Menu: 設定 >> Settings
2024-08-26 13:56:09,250: - INFO - : com.demo.apitest.Func_JPN > 'POLICY' Menu: スキャン履歴 >> Scanning History
2024-08-26 13:56:09,250: - INFO - : com.demo.apitest.Func_JPN > 'POLICY' Menu: DNS セキュリティ >> DNS Security
2024-08-26 13:56:09,263: - INFO - : com.demo.apitest.Func_JPN > 'POLICY' Menu: 設定 >> Settings
2024-08-26 13:56:09,297: - INFO - : com.demo.apitest.Func_JPN > 'POLICY' Menu: レポート >> Reports
2024-08-26 13:56:09,318: - INFO - : com.demo.apitest.Func_JPN > 'POLICY' Menu: エンドポイント セキュリティ >> Endpoint Security
2024-08-26 13:56:09,318: - INFO - : com.demo.apitest.Func_JPN > ========================================================================
2024-08-26 13:56:09,326: - INFO - : com.demo.apitest.Func_JPN > 'POLICY' Menu: No duplicated data to the TOP
2024-08-26 13:56:09,326: - INFO - : com.demo.apitest.Func_JPN > ========================================================================
2024-08-26 13:56:09,326: - INFO - : com.demo.apitest.Func_JPN > ALL MENU: 32
2024-08-26 13:56:09,349: - INFO - : com.demo.apitest.Test_NavData_JPN > Data updated for [JPN]!
2024-08-26 13:56:09,349: - INFO - : com.demo.apitest.Test_NavData_JPN > Top menu 'POLICY' is done!
2024-08-26 13:56:09,922: - INFO - : com.demo.apitest.Func_ENG > 'POLICY' Menu: Rules and Policies
2024-08-26 13:56:09,928: - INFO - : com.demo.apitest.Func_ENG > 'POLICY' Menu: Access Rules
2024-08-26 13:56:09,964: - INFO - : com.demo.apitest.Func_ENG > 'POLICY' Menu: NAT Rules
2024-08-26 13:56:09,991: - INFO - : com.demo.apitest.Func_ENG > 'POLICY' Menu: Routing Rules
2024-08-26 13:56:10,026: - INFO - : com.demo.apitest.Func_ENG > 'POLICY' Menu: DNS Rules
2024-08-26 13:56:10,046: - INFO - : com.demo.apitest.Func_ENG > 'POLICY' Menu: Content Filter Rules
2024-08-26 13:56:10,070: - INFO - : com.demo.apitest.Func_ENG > 'POLICY' Menu: App Rules
2024-08-26 13:56:10,110: - INFO - : com.demo.apitest.Func_ENG > 'POLICY' Menu: Endpoint Rules
2024-08-26 13:56:10,133: - INFO - : com.demo.apitest.Func_ENG > 'POLICY' Menu: DPI-SSL
2024-08-26 13:56:10,167: - INFO - : com.demo.apitest.Func_ENG > 'POLICY' Menu: Client SSL
2024-08-26 13:56:10,183: - INFO - : com.demo.apitest.Func_ENG > 'POLICY' Menu: Server SSL
2024-08-26 13:56:10,215: - INFO - : com.demo.apitest.Func_ENG > 'POLICY' Menu: DPI-SSH
2024-08-26 13:56:10,239: - INFO - : com.demo.apitest.Func_ENG > 'POLICY' Menu: Settings
2024-08-26 13:56:10,263: - INFO - : com.demo.apitest.Func_ENG > 'POLICY' Menu: Security Services
2024-08-26 13:56:10,296: - INFO - : com.demo.apitest.Func_ENG > 'POLICY' Menu: Summary
2024-08-26 13:56:10,324: - INFO - : com.demo.apitest.Func_ENG > 'POLICY' Menu: Gateway Anti-Virus
2024-08-26 13:56:10,346: - INFO - : com.demo.apitest.Func_ENG > 'POLICY' Menu: Anti-Spyware
2024-08-26 13:56:10,372: - INFO - : com.demo.apitest.Func_ENG > 'POLICY' Menu: Intrusion Prevention
2024-08-26 13:56:10,388: - INFO - : com.demo.apitest.Func_ENG > 'POLICY' Menu: Geo-IP Filter
2024-08-26 13:56:10,404: - INFO - : com.demo.apitest.Func_ENG > 'POLICY' Menu: Botnet Filter
2024-08-26 13:56:10,424: - INFO - : com.demo.apitest.Func_ENG > 'POLICY' Menu: App Control
2024-08-26 13:56:10,452: - INFO - : com.demo.apitest.Func_ENG > 'POLICY' Menu: Content Filter
2024-08-26 13:56:10,470: - INFO - : com.demo.apitest.Func_ENG > 'POLICY' Menu: Anti-Spam
2024-08-26 13:56:10,500: - INFO - : com.demo.apitest.Func_ENG > 'POLICY' Menu: Status
2024-08-26 13:56:10,517: - INFO - : com.demo.apitest.Func_ENG > 'POLICY' Menu: Settings
2024-08-26 13:56:10,557: - INFO - : com.demo.apitest.Func_ENG > 'POLICY' Menu: Capture ATP
2024-08-26 13:56:10,651: - INFO - : com.demo.apitest.Func_ENG > 'POLICY' Menu: Settings
2024-08-26 13:56:10,657: - INFO - : com.demo.apitest.Func_ENG > 'POLICY' Menu: Scanning History
2024-08-26 13:56:10,817: - INFO - : com.demo.apitest.Func_ENG > 'POLICY' Menu: DNS Security
2024-08-26 13:56:10,832: - INFO - : com.demo.apitest.Func_ENG > 'POLICY' Menu: Settings
2024-08-26 13:56:10,847: - INFO - : com.demo.apitest.Func_ENG > 'POLICY' Menu: Reports
2024-08-26 13:56:10,863: - INFO - : com.demo.apitest.Func_ENG > 'POLICY' Menu: Endpoint Security
2024-08-26 13:56:10,863: - INFO - : com.demo.apitest.Func_ENG > ========================================================================
2024-08-26 13:56:10,863: - INFO - : com.demo.apitest.Func_ENG > 'POLICY' Menu: No duplicated data to the TOP
2024-08-26 13:56:10,863: - INFO - : com.demo.apitest.Func_ENG > ========================================================================
2024-08-26 13:56:10,863: - INFO - : com.demo.apitest.Func_ENG > ALL MENU: 32
2024-08-26 13:56:10,883: - INFO - : com.demo.apitest.Test_NavData_ENG > Data updated for [ENG]!
2024-08-26 13:56:10,883: - INFO - : com.demo.apitest.Test_NavData_ENG > Top menu 'POLICY' is done!
2024-08-26 13:56:13,875: - INFO - : com.demo.apitest.Test_NavData_JPN > Info created for [JPN]!
2024-08-26 13:56:13,890: - INFO - : com.demo.apitest.Test_NavData_JPN > Info updated for [JPN]!
2024-08-26 13:56:14,254: - INFO - : test_Step02_MenuTop_JPN > [Pass]Take screenshot...
2024-08-26 13:56:15,568: - INFO - : com.demo.apitest.Test_NavData_ENG > Info created for [ENG]!
2024-08-26 13:56:15,584: - INFO - : com.demo.apitest.Test_NavData_ENG > Info updated for [ENG]!
2024-08-26 13:56:15,933: - INFO - : test_Step02_MenuTop_ENG > [Pass]Take screenshot...
2024-08-26 13:56:19,499: - INFO - Test_vsDATA_JE: com.demo.apitest.Test_vsDATA_JE > Got data!
2024-08-26 13:56:19,508: - INFO - Test_vsDATA_JE: com.demo.apitest.Test_vsDATA_JE > Got data!
2024-08-26 13:56:19,508: - INFO - Test_vsDATA_JE: com.demo.apitest.Test_vsDATA_JE > Ready to start...
2024-08-26 13:56:19,508: - INFO - Test_vsDATA_JE: com.demo.apitest.Test_vsDATA_JE > --------------------------------------------------------------------
2024-08-26 13:56:19,509: - INFO - Test_vsDATA_JE: com.demo.apitest.Test_vsDATA_JE > [JPN] info: Device Name -----> NSA 2700
2024-08-26 13:56:19,509: - INFO - Test_vsDATA_JE: com.demo.apitest.Test_vsDATA_JE > [JPN] info: Serial Number ---> 2CB8EDBA2F98
2024-08-26 13:56:19,509: - INFO - Test_vsDATA_JE: com.demo.apitest.Test_vsDATA_JE > [JPN] info: Firmware Version > SonicOS 7.1.1-7058-R6162-j6418
2024-08-26 13:56:19,509: - INFO - Test_vsDATA_JE: com.demo.apitest.Test_vsDATA_JE > --------------------------------------------------------------------
2024-08-26 13:56:19,509: - INFO - Test_vsDATA_JE: com.demo.apitest.Test_vsDATA_JE > [ENG] info: Device Name -----> TZ 570P
2024-08-26 13:56:19,509: - INFO - Test_vsDATA_JE: com.demo.apitest.Test_vsDATA_JE > [ENG] info: Serial Number ---> 2CB8ED694D58
2024-08-26 13:56:19,509: - INFO - Test_vsDATA_JE: com.demo.apitest.Test_vsDATA_JE > [ENG] info: Firmware Version > SonicOS 7.1.1-7058-P6163
2024-08-26 13:56:19,509: - INFO - Test_vsDATA_JE: com.demo.apitest.Test_vsDATA_JE > --------------------------------------------------------------------
2024-08-26 13:56:19,509: - INFO - Test_vsDATA_JE: com.demo.apitest.Test_vsDATA_JE > [JPN] version missing: NETWORK > System > PoE Settings
2024-08-26 13:56:19,509: - INFO - Test_vsDATA_JE: com.demo.apitest.Test_vsDATA_JE > [ENG] version missing: DEVICE > Users > Partitions
2024-08-26 13:56:19,509: - INFO - Test_vsDATA_JE: com.demo.apitest.Test_vsDATA_JE > [ENG] version missing: NETWORK > Switching
2024-08-26 13:56:19,509: - INFO - Test_vsDATA_JE: com.demo.apitest.Test_vsDATA_JE > [ENG] version missing: NETWORK > Switching > VLAN Trunking
2024-08-26 13:56:19,509: - INFO - Test_vsDATA_JE: com.demo.apitest.Test_vsDATA_JE > [ENG] version missing: NETWORK > Switching > L2 Discovery
2024-08-26 13:56:19,509: - INFO - Test_vsDATA_JE: com.demo.apitest.Test_vsDATA_JE > [ENG] version missing: NETWORK > Switching > Link Aggregation
2024-08-26 13:56:19,509: - INFO - Test_vsDATA_JE: com.demo.apitest.Test_vsDATA_JE > [ENG] version missing: NETWORK > Switching > Port Mirroring
2024-08-26 13:56:19,509: - INFO - Test_vsDATA_JE: com.demo.apitest.Test_vsDATA_JE > [ENG] & [JPN] mismatch count: 7
